20:04:49 INFO  : Registering command handlers for SDK TCF services
20:04:50 INFO  : Launching XSCT server: xsct.bat -interactive C:\Users\LIUYAOHUI\Desktop\1236_dma\temp_xsdb_launch_script.tcl
20:04:51 INFO  : XSCT server has started successfully.
20:04:51 INFO  : Successfully done setting XSCT server connection channel  
20:04:51 INFO  : Successfully done setting SDK workspace  
20:05:22 INFO  : Project 'top_hw_platform_0' created. You can now create BSPs and application projects targeting this hardware platform.
20:16:35 INFO  : Connected to target on host '127.0.0.1' and port '3121'.
20:16:35 INFO  : Jtag cable 'Digilent JTAG-SMT2 210251A08870' is selected.
20:16:35 INFO  : 'jtag frequency' command is executed.
20:16:36 INFO  : 'targets -set -filter {jtag_cable_name =~ "Digilent JTAG-SMT2 210251A08870" && level==0} -index 0' command is executed.
20:16:51 INFO  : FPGA configured successfully with bitstream "C:/Users/LIUYAOHUI/Desktop/1236_dma/top_hw_platform_0/top.bit"
20:16:51 INFO  : 'configparams mdm-detect-bscan-mask 2' command is executed.
20:16:51 INFO  : Context for processor 'microblaze_1' is selected.
20:16:52 INFO  : System reset is completed.
20:16:55 INFO  : 'after 3000' command is executed.
20:16:55 INFO  : Context for processor 'microblaze_1' is selected.
20:16:57 INFO  : The application 'C:/Users/LIUYAOHUI/Desktop/1236_dma/1236/Debug/1236.elf' is downloaded to processor 'microblaze_1'.
20:16:57 INFO  : ----------------XSDB Script----------------
connect -url tcp:127.0.0.1:3121
targets -set -filter {jtag_cable_name =~ "Digilent JTAG-SMT2 210251A08870" && level==0} -index 0
fpga -file C:/Users/LIUYAOHUI/Desktop/1236_dma/top_hw_platform_0/top.bit
configparams mdm-detect-bscan-mask 2
targets -set -nocase -filter {name =~ "microblaze*#0" && bscan=="USER2"  && jtag_cable_name =~ "Digilent JTAG-SMT2 210251A08870"} -index 0
rst -system
after 3000
targets -set -nocase -filter {name =~ "microblaze*#0" && bscan=="USER2"  && jtag_cable_name =~ "Digilent JTAG-SMT2 210251A08870"} -index 0
dow C:/Users/LIUYAOHUI/Desktop/1236_dma/1236/Debug/1236.elf
----------------End of Script----------------

20:16:57 INFO  : Memory regions updated for context MicroBlaze #0
20:16:57 INFO  : Memory regions updated for context MicroBlaze #0
20:16:57 INFO  : Context for processor 'microblaze_1' is selected.
20:16:57 INFO  : 'con' command is executed.
20:16:57 INFO  : ----------------XSDB Script (After Launch)----------------
targets -set -nocase -filter {name =~ "microblaze*#0" && bscan=="USER2"  && jtag_cable_name =~ "Digilent JTAG-SMT2 210251A08870"} -index 0
con
----------------End of Script----------------

20:16:57 INFO  : Launch script is exported to file 'C:\Users\LIUYAOHUI\Desktop\1236_dma\.sdk\launch_scripts\xilinx_c-c++_application_(system_debugger)\system_debugger_on_local.tcl'
20:17:20 INFO  : Refreshed build settings on project 1236
20:17:46 INFO  : Disconnected from the channel tcfchan#1.
20:17:47 INFO  : Connected to target on host '127.0.0.1' and port '3121'.
20:17:47 INFO  : Jtag cable 'Digilent JTAG-SMT2 210251A08870' is selected.
20:17:47 INFO  : 'jtag frequency' command is executed.
20:17:47 INFO  : 'targets -set -filter {jtag_cable_name =~ "Digilent JTAG-SMT2 210251A08870" && level==0} -index 0' command is executed.
20:17:55 ERROR : 'fpga -file C:/Users/LIUYAOHUI/Desktop/1236_dma/top_hw_platform_0/top.bit' is cancelled.
20:17:55 INFO  : Issued abort command to xsdb.
20:17:55 ERROR : Exception occured while running Program FPGA.
java.lang.RuntimeException: 'fpga -file C:/Users/LIUYAOHUI/Desktop/1236_dma/top_hw_platform_0/top.bit' is cancelled.
20:17:55 INFO  : ----------------XSDB Script----------------
connect -url tcp:127.0.0.1:3121
----------------End of Script----------------

20:18:10 INFO  : Connected to target on host '127.0.0.1' and port '3121'.
20:18:10 INFO  : Jtag cable 'Digilent JTAG-SMT2 210251A08870' is selected.
20:18:10 INFO  : 'jtag frequency' command is executed.
20:18:10 INFO  : 'targets -set -filter {jtag_cable_name =~ "Digilent JTAG-SMT2 210251A08870" && level==0} -index 0' command is executed.
20:18:26 INFO  : FPGA configured successfully with bitstream "C:/Users/LIUYAOHUI/Desktop/1236_dma/top_hw_platform_0/top.bit"
20:18:26 INFO  : 'configparams mdm-detect-bscan-mask 2' command is executed.
20:18:26 INFO  : Context for processor 'microblaze_1' is selected.
20:18:27 INFO  : System reset is completed.
20:18:30 INFO  : 'after 3000' command is executed.
20:18:30 INFO  : Context for processor 'microblaze_1' is selected.
20:18:32 INFO  : The application 'C:/Users/LIUYAOHUI/Desktop/1236_dma/1236/Debug/1236.elf' is downloaded to processor 'microblaze_1'.
20:18:32 INFO  : ----------------XSDB Script----------------
connect -url tcp:127.0.0.1:3121
targets -set -filter {jtag_cable_name =~ "Digilent JTAG-SMT2 210251A08870" && level==0} -index 0
fpga -file C:/Users/LIUYAOHUI/Desktop/1236_dma/top_hw_platform_0/top.bit
configparams mdm-detect-bscan-mask 2
targets -set -nocase -filter {name =~ "microblaze*#0" && bscan=="USER2"  && jtag_cable_name =~ "Digilent JTAG-SMT2 210251A08870"} -index 0
rst -system
after 3000
targets -set -nocase -filter {name =~ "microblaze*#0" && bscan=="USER2"  && jtag_cable_name =~ "Digilent JTAG-SMT2 210251A08870"} -index 0
dow C:/Users/LIUYAOHUI/Desktop/1236_dma/1236/Debug/1236.elf
----------------End of Script----------------

20:18:32 INFO  : Memory regions updated for context MicroBlaze #0
20:18:32 INFO  : Memory regions updated for context MicroBlaze #0
20:18:32 INFO  : Context for processor 'microblaze_1' is selected.
20:18:32 INFO  : 'con' command is executed.
20:18:32 INFO  : ----------------XSDB Script (After Launch)----------------
targets -set -nocase -filter {name =~ "microblaze*#0" && bscan=="USER2"  && jtag_cable_name =~ "Digilent JTAG-SMT2 210251A08870"} -index 0
con
----------------End of Script----------------

20:18:32 INFO  : Launch script is exported to file 'C:\Users\LIUYAOHUI\Desktop\1236_dma\.sdk\launch_scripts\xilinx_c-c++_application_(system_debugger)\system_debugger_on_local.tcl'
20:18:43 INFO  : Disconnected from the channel tcfchan#2.
20:21:27 INFO  : Registering command handlers for SDK TCF services
20:21:28 INFO  : Launching XSCT server: xsct.bat -interactive C:\Users\LIUYAOHUI\Desktop\1236_dma\temp_xsdb_launch_script.tcl
20:21:30 INFO  : XSCT server has started successfully.
20:21:30 INFO  : Successfully done setting XSCT server connection channel  
20:21:32 INFO  : Successfully done setting SDK workspace  
20:21:56 INFO  : Connected to target on host '127.0.0.1' and port '3121'.
20:21:56 INFO  : Jtag cable 'Digilent JTAG-SMT2 210251A08870' is selected.
20:21:56 INFO  : 'jtag frequency' command is executed.
20:21:56 INFO  : 'targets -set -filter {jtag_cable_name =~ "Digilent JTAG-SMT2 210251A08870" && level==0} -index 0' command is executed.
20:22:12 INFO  : FPGA configured successfully with bitstream "C:/Users/LIUYAOHUI/Desktop/1236_dma/top_hw_platform_0/top.bit"
20:22:12 INFO  : 'configparams mdm-detect-bscan-mask 2' command is executed.
20:22:12 INFO  : Context for processor 'microblaze_1' is selected.
20:22:12 INFO  : System reset is completed.
20:22:15 INFO  : 'after 3000' command is executed.
20:22:15 INFO  : Context for processor 'microblaze_1' is selected.
20:22:17 INFO  : The application 'C:/Users/LIUYAOHUI/Desktop/1236_dma/1236/Debug/1236.elf' is downloaded to processor 'microblaze_1'.
20:22:17 INFO  : ----------------XSDB Script----------------
connect -url tcp:127.0.0.1:3121
targets -set -filter {jtag_cable_name =~ "Digilent JTAG-SMT2 210251A08870" && level==0} -index 0
fpga -file C:/Users/LIUYAOHUI/Desktop/1236_dma/top_hw_platform_0/top.bit
configparams mdm-detect-bscan-mask 2
targets -set -nocase -filter {name =~ "microblaze*#0" && bscan=="USER2"  && jtag_cable_name =~ "Digilent JTAG-SMT2 210251A08870"} -index 0
rst -system
after 3000
targets -set -nocase -filter {name =~ "microblaze*#0" && bscan=="USER2"  && jtag_cable_name =~ "Digilent JTAG-SMT2 210251A08870"} -index 0
dow C:/Users/LIUYAOHUI/Desktop/1236_dma/1236/Debug/1236.elf
----------------End of Script----------------

20:22:17 INFO  : Memory regions updated for context MicroBlaze #0
20:22:17 INFO  : Memory regions updated for context MicroBlaze #0
20:22:17 INFO  : Context for processor 'microblaze_1' is selected.
20:22:17 INFO  : 'con' command is executed.
20:22:17 INFO  : ----------------XSDB Script (After Launch)----------------
targets -set -nocase -filter {name =~ "microblaze*#0" && bscan=="USER2"  && jtag_cable_name =~ "Digilent JTAG-SMT2 210251A08870"} -index 0
con
----------------End of Script----------------

20:22:17 INFO  : Launch script is exported to file 'C:\Users\LIUYAOHUI\Desktop\1236_dma\.sdk\launch_scripts\xilinx_c-c++_application_(system_debugger)\system_debugger_on_local.tcl'
20:23:50 INFO  : Disconnected from the channel tcfchan#1.
20:23:51 INFO  : Connected to target on host '127.0.0.1' and port '3121'.
20:23:51 INFO  : Jtag cable 'Digilent JTAG-SMT2 210251A08870' is selected.
20:23:51 INFO  : 'jtag frequency' command is executed.
20:23:51 INFO  : 'targets -set -filter {jtag_cable_name =~ "Digilent JTAG-SMT2 210251A08870" && level==0} -index 0' command is executed.
20:24:07 INFO  : FPGA configured successfully with bitstream "C:/Users/LIUYAOHUI/Desktop/1236_dma/top_hw_platform_0/top.bit"
20:24:07 INFO  : 'configparams mdm-detect-bscan-mask 2' command is executed.
20:24:07 INFO  : Context for processor 'microblaze_1' is selected.
20:24:07 INFO  : System reset is completed.
20:24:10 INFO  : 'after 3000' command is executed.
20:24:10 INFO  : Context for processor 'microblaze_1' is selected.
20:24:13 INFO  : The application 'C:/Users/LIUYAOHUI/Desktop/1236_dma/1236/Debug/1236.elf' is downloaded to processor 'microblaze_1'.
20:24:13 INFO  : ----------------XSDB Script----------------
connect -url tcp:127.0.0.1:3121
targets -set -filter {jtag_cable_name =~ "Digilent JTAG-SMT2 210251A08870" && level==0} -index 0
fpga -file C:/Users/LIUYAOHUI/Desktop/1236_dma/top_hw_platform_0/top.bit
configparams mdm-detect-bscan-mask 2
targets -set -nocase -filter {name =~ "microblaze*#0" && bscan=="USER2"  && jtag_cable_name =~ "Digilent JTAG-SMT2 210251A08870"} -index 0
rst -system
after 3000
targets -set -nocase -filter {name =~ "microblaze*#0" && bscan=="USER2"  && jtag_cable_name =~ "Digilent JTAG-SMT2 210251A08870"} -index 0
dow C:/Users/LIUYAOHUI/Desktop/1236_dma/1236/Debug/1236.elf
----------------End of Script----------------

20:24:13 INFO  : Memory regions updated for context MicroBlaze #0
20:24:13 INFO  : Memory regions updated for context MicroBlaze #0
20:24:13 INFO  : Context for processor 'microblaze_1' is selected.
20:24:13 INFO  : 'con' command is executed.
20:24:13 INFO  : ----------------XSDB Script (After Launch)----------------
targets -set -nocase -filter {name =~ "microblaze*#0" && bscan=="USER2"  && jtag_cable_name =~ "Digilent JTAG-SMT2 210251A08870"} -index 0
con
----------------End of Script----------------

20:24:13 INFO  : Launch script is exported to file 'C:\Users\LIUYAOHUI\Desktop\1236_dma\.sdk\launch_scripts\xilinx_c-c++_application_(system_debugger)\system_debugger_on_local.tcl'
20:25:19 INFO  : Disconnected from the channel tcfchan#2.
20:25:20 INFO  : Connected to target on host '127.0.0.1' and port '3121'.
20:25:20 INFO  : Jtag cable 'Digilent JTAG-SMT2 210251A08870' is selected.
20:25:20 INFO  : 'jtag frequency' command is executed.
20:25:20 INFO  : 'targets -set -filter {jtag_cable_name =~ "Digilent JTAG-SMT2 210251A08870" && level==0} -index 0' command is executed.
20:25:36 INFO  : FPGA configured successfully with bitstream "C:/Users/LIUYAOHUI/Desktop/1236_dma/top_hw_platform_0/top.bit"
20:25:36 INFO  : 'configparams mdm-detect-bscan-mask 2' command is executed.
20:25:36 INFO  : Context for processor 'microblaze_1' is selected.
20:25:36 INFO  : System reset is completed.
20:25:39 INFO  : 'after 3000' command is executed.
20:25:39 INFO  : Context for processor 'microblaze_1' is selected.
20:25:41 INFO  : The application 'C:/Users/LIUYAOHUI/Desktop/1236_dma/1236/Debug/1236.elf' is downloaded to processor 'microblaze_1'.
20:25:41 INFO  : ----------------XSDB Script----------------
connect -url tcp:127.0.0.1:3121
targets -set -filter {jtag_cable_name =~ "Digilent JTAG-SMT2 210251A08870" && level==0} -index 0
fpga -file C:/Users/LIUYAOHUI/Desktop/1236_dma/top_hw_platform_0/top.bit
configparams mdm-detect-bscan-mask 2
targets -set -nocase -filter {name =~ "microblaze*#0" && bscan=="USER2"  && jtag_cable_name =~ "Digilent JTAG-SMT2 210251A08870"} -index 0
rst -system
after 3000
targets -set -nocase -filter {name =~ "microblaze*#0" && bscan=="USER2"  && jtag_cable_name =~ "Digilent JTAG-SMT2 210251A08870"} -index 0
dow C:/Users/LIUYAOHUI/Desktop/1236_dma/1236/Debug/1236.elf
----------------End of Script----------------

20:25:41 INFO  : Memory regions updated for context MicroBlaze #0
20:25:41 INFO  : Memory regions updated for context MicroBlaze #0
20:25:41 INFO  : Context for processor 'microblaze_1' is selected.
20:25:41 INFO  : 'con' command is executed.
20:25:41 INFO  : ----------------XSDB Script (After Launch)----------------
targets -set -nocase -filter {name =~ "microblaze*#0" && bscan=="USER2"  && jtag_cable_name =~ "Digilent JTAG-SMT2 210251A08870"} -index 0
con
----------------End of Script----------------

20:25:41 INFO  : Launch script is exported to file 'C:\Users\LIUYAOHUI\Desktop\1236_dma\.sdk\launch_scripts\xilinx_c-c++_application_(system_debugger)\system_debugger_on_local.tcl'
20:27:21 INFO  : Disconnected from the channel tcfchan#3.
20:27:22 INFO  : Connected to target on host '127.0.0.1' and port '3121'.
20:27:22 INFO  : Jtag cable 'Digilent JTAG-SMT2 210251A08870' is selected.
20:27:22 INFO  : 'jtag frequency' command is executed.
20:27:22 INFO  : 'targets -set -filter {jtag_cable_name =~ "Digilent JTAG-SMT2 210251A08870" && level==0} -index 0' command is executed.
20:27:38 INFO  : FPGA configured successfully with bitstream "C:/Users/LIUYAOHUI/Desktop/1236_dma/top_hw_platform_0/top.bit"
20:27:38 INFO  : 'configparams mdm-detect-bscan-mask 2' command is executed.
20:27:38 INFO  : Context for processor 'microblaze_1' is selected.
20:27:38 INFO  : System reset is completed.
20:27:41 INFO  : 'after 3000' command is executed.
20:27:41 INFO  : Context for processor 'microblaze_1' is selected.
20:27:44 INFO  : The application 'C:/Users/LIUYAOHUI/Desktop/1236_dma/1236/Debug/1236.elf' is downloaded to processor 'microblaze_1'.
20:27:44 INFO  : ----------------XSDB Script----------------
connect -url tcp:127.0.0.1:3121
targets -set -filter {jtag_cable_name =~ "Digilent JTAG-SMT2 210251A08870" && level==0} -index 0
fpga -file C:/Users/LIUYAOHUI/Desktop/1236_dma/top_hw_platform_0/top.bit
configparams mdm-detect-bscan-mask 2
targets -set -nocase -filter {name =~ "microblaze*#0" && bscan=="USER2"  && jtag_cable_name =~ "Digilent JTAG-SMT2 210251A08870"} -index 0
rst -system
after 3000
targets -set -nocase -filter {name =~ "microblaze*#0" && bscan=="USER2"  && jtag_cable_name =~ "Digilent JTAG-SMT2 210251A08870"} -index 0
dow C:/Users/LIUYAOHUI/Desktop/1236_dma/1236/Debug/1236.elf
----------------End of Script----------------

20:27:44 INFO  : Memory regions updated for context MicroBlaze #0
20:27:44 INFO  : Memory regions updated for context MicroBlaze #0
20:27:44 INFO  : Context for processor 'microblaze_1' is selected.
20:27:44 INFO  : 'con' command is executed.
20:27:44 INFO  : ----------------XSDB Script (After Launch)----------------
targets -set -nocase -filter {name =~ "microblaze*#0" && bscan=="USER2"  && jtag_cable_name =~ "Digilent JTAG-SMT2 210251A08870"} -index 0
con
----------------End of Script----------------

20:27:44 INFO  : Launch script is exported to file 'C:\Users\LIUYAOHUI\Desktop\1236_dma\.sdk\launch_scripts\xilinx_c-c++_application_(system_debugger)\system_debugger_on_local.tcl'
22:36:02 INFO  : Disconnected from the channel tcfchan#4.
16:38:50 INFO  : Registering command handlers for SDK TCF services
16:38:51 INFO  : Launching XSCT server: xsct.bat -interactive C:\Users\LIUYAOHUI\Desktop\1236_dma\temp_xsdb_launch_script.tcl
16:38:53 INFO  : XSCT server has started successfully.
16:38:53 INFO  : Successfully done setting XSCT server connection channel  
16:38:55 INFO  : Successfully done setting SDK workspace  
16:39:04 INFO  : Connected to target on host '127.0.0.1' and port '3121'.
16:39:13 INFO  : ----------------XSDB Script----------------
connect -url tcp:127.0.0.1:3121
----------------End of Script----------------

16:42:16 INFO  : Connected to target on host '127.0.0.1' and port '3121'.
16:42:25 INFO  : ----------------XSDB Script----------------
connect -url tcp:127.0.0.1:3121
----------------End of Script----------------

16:42:45 INFO  : Connected to target on host '127.0.0.1' and port '3121'.
16:42:54 INFO  : ----------------XSDB Script----------------
connect -url tcp:127.0.0.1:3121
----------------End of Script----------------

16:43:25 INFO  : Connected to target on host '127.0.0.1' and port '3121'.
16:43:25 INFO  : Jtag cable 'Digilent JTAG-SMT2 210251A08870' is selected.
16:43:25 INFO  : 'jtag frequency' command is executed.
16:43:25 INFO  : 'targets -set -filter {jtag_cable_name =~ "Digilent JTAG-SMT2 210251A08870" && level==0} -index 0' command is executed.
16:43:43 ERROR : fpga configuration failed. DONE PIN is not HIGH
16:43:43 ERROR : Exception occured while running Program FPGA.
java.lang.RuntimeException: fpga configuration failed. DONE PIN is not HIGH
16:43:43 INFO  : ----------------XSDB Script----------------
connect -url tcp:127.0.0.1:3121
----------------End of Script----------------

16:44:21 INFO  : Connected to target on host '127.0.0.1' and port '3121'.
16:44:21 INFO  : Jtag cable 'Digilent JTAG-SMT2 210251A08870' is selected.
16:44:21 INFO  : 'jtag frequency' command is executed.
16:44:21 INFO  : 'targets -set -filter {jtag_cable_name =~ "Digilent JTAG-SMT2 210251A08870" && level==0} -index 0' command is executed.
16:44:37 INFO  : FPGA configured successfully with bitstream "C:/Users/LIUYAOHUI/Desktop/1236_dma/top_hw_platform_0/top.bit"
16:44:37 INFO  : 'configparams mdm-detect-bscan-mask 2' command is executed.
16:44:37 INFO  : Context for processor 'microblaze_1' is selected.
16:44:38 INFO  : System reset is completed.
16:44:41 INFO  : 'after 3000' command is executed.
16:44:41 INFO  : Context for processor 'microblaze_1' is selected.
16:44:43 INFO  : The application 'C:/Users/LIUYAOHUI/Desktop/1236_dma/1236/Debug/1236.elf' is downloaded to processor 'microblaze_1'.
16:44:43 INFO  : ----------------XSDB Script----------------
connect -url tcp:127.0.0.1:3121
targets -set -filter {jtag_cable_name =~ "Digilent JTAG-SMT2 210251A08870" && level==0} -index 0
fpga -file C:/Users/LIUYAOHUI/Desktop/1236_dma/top_hw_platform_0/top.bit
configparams mdm-detect-bscan-mask 2
targets -set -nocase -filter {name =~ "microblaze*#0" && bscan=="USER2"  && jtag_cable_name =~ "Digilent JTAG-SMT2 210251A08870"} -index 0
rst -system
after 3000
targets -set -nocase -filter {name =~ "microblaze*#0" && bscan=="USER2"  && jtag_cable_name =~ "Digilent JTAG-SMT2 210251A08870"} -index 0
dow C:/Users/LIUYAOHUI/Desktop/1236_dma/1236/Debug/1236.elf
----------------End of Script----------------

16:44:43 INFO  : Memory regions updated for context MicroBlaze #0
16:44:43 INFO  : Memory regions updated for context MicroBlaze #0
16:44:43 INFO  : Context for processor 'microblaze_1' is selected.
16:44:43 INFO  : 'con' command is executed.
16:44:43 INFO  : ----------------XSDB Script (After Launch)----------------
targets -set -nocase -filter {name =~ "microblaze*#0" && bscan=="USER2"  && jtag_cable_name =~ "Digilent JTAG-SMT2 210251A08870"} -index 0
con
----------------End of Script----------------

16:44:43 INFO  : Launch script is exported to file 'C:\Users\LIUYAOHUI\Desktop\1236_dma\.sdk\launch_scripts\xilinx_c-c++_application_(system_debugger)\system_debugger_on_local.tcl'
16:46:38 INFO  : Disconnected from the channel tcfchan#1.
16:46:39 INFO  : Connected to target on host '127.0.0.1' and port '3121'.
16:46:39 INFO  : Jtag cable 'Digilent JTAG-SMT2 210251A08870' is selected.
16:46:39 INFO  : 'jtag frequency' command is executed.
16:46:39 INFO  : 'targets -set -filter {jtag_cable_name =~ "Digilent JTAG-SMT2 210251A08870" && level==0} -index 0' command is executed.
16:46:55 ERROR : fpga configuration failed. DONE PIN is not HIGH
16:46:55 ERROR : Exception occured while running Program FPGA.
java.lang.RuntimeException: fpga configuration failed. DONE PIN is not HIGH
16:46:55 INFO  : ----------------XSDB Script----------------
connect -url tcp:127.0.0.1:3121
----------------End of Script----------------

16:47:10 INFO  : Connected to target on host '127.0.0.1' and port '3121'.
16:47:10 INFO  : Jtag cable 'Digilent JTAG-SMT2 210251A08870' is selected.
16:47:10 INFO  : 'jtag frequency' command is executed.
16:47:10 INFO  : 'targets -set -filter {jtag_cable_name =~ "Digilent JTAG-SMT2 210251A08870" && level==0} -index 0' command is executed.
16:47:28 ERROR : fpga configuration failed. DONE PIN is not HIGH
16:47:28 ERROR : Exception occured while running Program FPGA.
java.lang.RuntimeException: fpga configuration failed. DONE PIN is not HIGH
16:47:28 INFO  : ----------------XSDB Script----------------
connect -url tcp:127.0.0.1:3121
----------------End of Script----------------

16:47:39 INFO  : Connected to target on host '127.0.0.1' and port '3121'.
16:47:40 INFO  : Jtag cable 'Digilent JTAG-SMT2 210251A08870' is selected.
16:47:40 INFO  : 'jtag frequency' command is executed.
16:47:40 INFO  : 'targets -set -filter {jtag_cable_name =~ "Digilent JTAG-SMT2 210251A08870" && level==0} -index 0' command is executed.
16:47:56 INFO  : FPGA configured successfully with bitstream "C:/Users/LIUYAOHUI/Desktop/1236_dma/top_hw_platform_0/top.bit"
16:47:56 INFO  : 'configparams mdm-detect-bscan-mask 2' command is executed.
16:47:56 INFO  : Context for processor 'microblaze_1' is selected.
16:47:56 INFO  : System reset is completed.
16:47:59 INFO  : 'after 3000' command is executed.
16:47:59 INFO  : Context for processor 'microblaze_1' is selected.
16:48:01 INFO  : The application 'C:/Users/LIUYAOHUI/Desktop/1236_dma/1236/Debug/1236.elf' is downloaded to processor 'microblaze_1'.
16:48:01 INFO  : ----------------XSDB Script----------------
connect -url tcp:127.0.0.1:3121
targets -set -filter {jtag_cable_name =~ "Digilent JTAG-SMT2 210251A08870" && level==0} -index 0
fpga -file C:/Users/LIUYAOHUI/Desktop/1236_dma/top_hw_platform_0/top.bit
configparams mdm-detect-bscan-mask 2
targets -set -nocase -filter {name =~ "microblaze*#0" && bscan=="USER2"  && jtag_cable_name =~ "Digilent JTAG-SMT2 210251A08870"} -index 0
rst -system
after 3000
targets -set -nocase -filter {name =~ "microblaze*#0" && bscan=="USER2"  && jtag_cable_name =~ "Digilent JTAG-SMT2 210251A08870"} -index 0
dow C:/Users/LIUYAOHUI/Desktop/1236_dma/1236/Debug/1236.elf
----------------End of Script----------------

16:48:01 INFO  : Memory regions updated for context MicroBlaze #0
16:48:01 INFO  : Memory regions updated for context MicroBlaze #0
16:48:02 INFO  : Context for processor 'microblaze_1' is selected.
16:48:02 INFO  : 'con' command is executed.
16:48:02 INFO  : ----------------XSDB Script (After Launch)----------------
targets -set -nocase -filter {name =~ "microblaze*#0" && bscan=="USER2"  && jtag_cable_name =~ "Digilent JTAG-SMT2 210251A08870"} -index 0
con
----------------End of Script----------------

16:48:02 INFO  : Launch script is exported to file 'C:\Users\LIUYAOHUI\Desktop\1236_dma\.sdk\launch_scripts\xilinx_c-c++_application_(system_debugger)\system_debugger_on_local.tcl'
17:08:42 INFO  : Disconnected from the channel tcfchan#2.
17:08:43 INFO  : Connected to target on host '127.0.0.1' and port '3121'.
17:08:44 INFO  : Jtag cable 'Digilent JTAG-SMT2 210251A08870' is selected.
17:08:44 INFO  : 'jtag frequency' command is executed.
17:08:44 INFO  : 'targets -set -filter {jtag_cable_name =~ "Digilent JTAG-SMT2 210251A08870" && level==0} -index 0' command is executed.
17:09:01 ERROR : fpga configuration failed. DONE PIN is not HIGH
17:09:01 ERROR : Exception occured while running Program FPGA.
java.lang.RuntimeException: fpga configuration failed. DONE PIN is not HIGH
17:09:01 INFO  : ----------------XSDB Script----------------
connect -url tcp:127.0.0.1:3121
----------------End of Script----------------

17:10:27 INFO  : Connected to target on host '127.0.0.1' and port '3121'.
17:10:28 INFO  : Jtag cable 'Digilent JTAG-SMT2 210251A08870' is selected.
17:10:28 INFO  : 'jtag frequency' command is executed.
17:10:28 INFO  : 'targets -set -filter {jtag_cable_name =~ "Digilent JTAG-SMT2 210251A08870" && level==0} -index 0' command is executed.
17:10:44 INFO  : FPGA configured successfully with bitstream "C:/Users/LIUYAOHUI/Desktop/1236_dma/top_hw_platform_0/top0729.bit"
17:10:44 INFO  : 'configparams mdm-detect-bscan-mask 2' command is executed.
17:10:44 INFO  : Context for processor 'microblaze_1' is selected.
17:10:44 INFO  : System reset is completed.
17:10:47 INFO  : 'after 3000' command is executed.
17:10:47 INFO  : Context for processor 'microblaze_1' is selected.
17:10:49 INFO  : The application 'C:/Users/LIUYAOHUI/Desktop/1236_dma/1236/Debug/1236.elf' is downloaded to processor 'microblaze_1'.
17:10:49 INFO  : ----------------XSDB Script----------------
connect -url tcp:127.0.0.1:3121
targets -set -filter {jtag_cable_name =~ "Digilent JTAG-SMT2 210251A08870" && level==0} -index 0
fpga -file C:/Users/LIUYAOHUI/Desktop/1236_dma/top_hw_platform_0/top0729.bit
configparams mdm-detect-bscan-mask 2
targets -set -nocase -filter {name =~ "microblaze*#0" && bscan=="USER2"  && jtag_cable_name =~ "Digilent JTAG-SMT2 210251A08870"} -index 0
rst -system
after 3000
targets -set -nocase -filter {name =~ "microblaze*#0" && bscan=="USER2"  && jtag_cable_name =~ "Digilent JTAG-SMT2 210251A08870"} -index 0
dow C:/Users/LIUYAOHUI/Desktop/1236_dma/1236/Debug/1236.elf
----------------End of Script----------------

17:10:49 INFO  : Memory regions updated for context MicroBlaze #0
17:10:49 INFO  : Memory regions updated for context MicroBlaze #0
17:10:50 INFO  : Context for processor 'microblaze_1' is selected.
17:10:50 INFO  : 'con' command is executed.
17:10:50 INFO  : ----------------XSDB Script (After Launch)----------------
targets -set -nocase -filter {name =~ "microblaze*#0" && bscan=="USER2"  && jtag_cable_name =~ "Digilent JTAG-SMT2 210251A08870"} -index 0
con
----------------End of Script----------------

17:10:50 INFO  : Launch script is exported to file 'C:\Users\LIUYAOHUI\Desktop\1236_dma\.sdk\launch_scripts\xilinx_c-c++_application_(system_debugger)\system_debugger_on_local.tcl'
17:12:49 INFO  : Disconnected from the channel tcfchan#3.
17:18:50 INFO  : Registering command handlers for SDK TCF services
17:18:50 INFO  : Launching XSCT server: xsct.bat -interactive C:\Users\LIUYAOHUI\Desktop\1236_dma\temp_xsdb_launch_script.tcl
17:18:51 INFO  : XSCT server has started successfully.
17:18:51 INFO  : Successfully done setting XSCT server connection channel  
17:18:51 INFO  : Successfully done setting SDK workspace  
17:18:57 INFO  : Connected to target on host '127.0.0.1' and port '3121'.
17:18:58 INFO  : Jtag cable 'Digilent JTAG-SMT2 210251A08870' is selected.
17:18:58 INFO  : 'jtag frequency' command is executed.
17:18:58 INFO  : 'targets -set -filter {jtag_cable_name =~ "Digilent JTAG-SMT2 210251A08870" && level==0} -index 0' command is executed.
17:19:14 INFO  : FPGA configured successfully with bitstream "C:/Users/LIUYAOHUI/Desktop/1236_dma/top_hw_platform_0/top0729.bit"
17:19:14 INFO  : 'configparams mdm-detect-bscan-mask 2' command is executed.
17:19:14 INFO  : Context for processor 'microblaze_1' is selected.
17:19:14 INFO  : System reset is completed.
17:19:17 INFO  : 'after 3000' command is executed.
17:19:17 INFO  : Context for processor 'microblaze_1' is selected.
17:19:19 INFO  : The application 'C:/Users/LIUYAOHUI/Desktop/1236_dma/1236/Debug/1236.elf' is downloaded to processor 'microblaze_1'.
17:19:19 INFO  : ----------------XSDB Script----------------
connect -url tcp:127.0.0.1:3121
targets -set -filter {jtag_cable_name =~ "Digilent JTAG-SMT2 210251A08870" && level==0} -index 0
fpga -file C:/Users/LIUYAOHUI/Desktop/1236_dma/top_hw_platform_0/top0729.bit
configparams mdm-detect-bscan-mask 2
targets -set -nocase -filter {name =~ "microblaze*#0" && bscan=="USER2"  && jtag_cable_name =~ "Digilent JTAG-SMT2 210251A08870"} -index 0
rst -system
after 3000
targets -set -nocase -filter {name =~ "microblaze*#0" && bscan=="USER2"  && jtag_cable_name =~ "Digilent JTAG-SMT2 210251A08870"} -index 0
dow C:/Users/LIUYAOHUI/Desktop/1236_dma/1236/Debug/1236.elf
----------------End of Script----------------

17:19:19 INFO  : Memory regions updated for context MicroBlaze #0
17:19:19 INFO  : Memory regions updated for context MicroBlaze #0
17:19:20 INFO  : Context for processor 'microblaze_1' is selected.
17:19:20 INFO  : 'con' command is executed.
17:19:20 INFO  : ----------------XSDB Script (After Launch)----------------
targets -set -nocase -filter {name =~ "microblaze*#0" && bscan=="USER2"  && jtag_cable_name =~ "Digilent JTAG-SMT2 210251A08870"} -index 0
con
----------------End of Script----------------

17:19:20 INFO  : Launch script is exported to file 'C:\Users\LIUYAOHUI\Desktop\1236_dma\.sdk\launch_scripts\xilinx_c-c++_application_(system_debugger)\system_debugger_on_local.tcl'
17:19:39 INFO  : Disconnected from the channel tcfchan#1.
17:19:40 INFO  : Connected to target on host '127.0.0.1' and port '3121'.
17:19:40 INFO  : Jtag cable 'Digilent JTAG-SMT2 210251A08870' is selected.
17:19:40 INFO  : 'jtag frequency' command is executed.
17:19:41 INFO  : 'targets -set -filter {jtag_cable_name =~ "Digilent JTAG-SMT2 210251A08870" && level==0} -index 0' command is executed.
17:19:59 ERROR : 'fpga -file C:/Users/LIUYAOHUI/Desktop/1236_dma/top_hw_platform_0/top.bit' is cancelled.
17:19:59 INFO  : Issued abort command to xsdb.
17:19:59 ERROR : Exception occured while running Program FPGA.
java.lang.RuntimeException: 'fpga -file C:/Users/LIUYAOHUI/Desktop/1236_dma/top_hw_platform_0/top.bit' is cancelled.
17:19:59 INFO  : ----------------XSDB Script----------------
connect -url tcp:127.0.0.1:3121
----------------End of Script----------------

17:20:10 INFO  : Connected to target on host '127.0.0.1' and port '3121'.
17:21:33 INFO  : Registering command handlers for SDK TCF services
17:21:34 INFO  : Launching XSCT server: xsct.bat -interactive C:\Users\LIUYAOHUI\Desktop\1236_dma\temp_xsdb_launch_script.tcl
17:21:36 INFO  : XSCT server has started successfully.
17:21:38 INFO  : Successfully done setting XSCT server connection channel  
17:21:41 INFO  : Successfully done setting SDK workspace  
17:21:48 INFO  : Connected to target on host '127.0.0.1' and port '3121'.
17:21:48 INFO  : Jtag cable 'Digilent JTAG-SMT2 210251A08870' is selected.
17:21:48 INFO  : 'jtag frequency' command is executed.
17:21:48 INFO  : 'targets -set -filter {jtag_cable_name =~ "Digilent JTAG-SMT2 210251A08870" && level==0} -index 0' command is executed.
17:22:07 ERROR : 'fpga -file C:/Users/LIUYAOHUI/Desktop/1236_dma/top_hw_platform_0/top.bit' is cancelled.
17:22:07 INFO  : Issued abort command to xsdb.
17:22:07 ERROR : Exception occured while running Program FPGA.
java.lang.RuntimeException: 'fpga -file C:/Users/LIUYAOHUI/Desktop/1236_dma/top_hw_platform_0/top.bit' is cancelled.
17:22:07 INFO  : ----------------XSDB Script----------------
connect -url tcp:127.0.0.1:3121
----------------End of Script----------------

17:22:13 INFO  : Connected to target on host '127.0.0.1' and port '3121'.
17:22:31 INFO  : ----------------XSDB Script----------------
connect -url tcp:127.0.0.1:3121
----------------End of Script----------------

17:22:39 INFO  : Connected to target on host '127.0.0.1' and port '3121'.
17:22:52 INFO  : ----------------XSDB Script----------------
connect -url tcp:127.0.0.1:3121
----------------End of Script----------------

17:23:00 INFO  : Connected to target on host '127.0.0.1' and port '3121'.
17:23:18 INFO  : ----------------XSDB Script----------------
connect -url tcp:127.0.0.1:3121
----------------End of Script----------------

17:23:32 INFO  : Connected to target on host '127.0.0.1' and port '3121'.
17:23:32 INFO  : Jtag cable 'Digilent JTAG-SMT2 210251A08870' is selected.
17:23:32 INFO  : 'jtag frequency' command is executed.
17:23:32 INFO  : 'targets -set -filter {jtag_cable_name =~ "Digilent JTAG-SMT2 210251A08870" && level==0} -index 0' command is executed.
17:23:48 INFO  : FPGA configured successfully with bitstream "C:/Users/LIUYAOHUI/Desktop/1236_dma/top_hw_platform_0/top.bit"
17:23:48 INFO  : 'configparams mdm-detect-bscan-mask 2' command is executed.
17:23:48 INFO  : Context for processor 'microblaze_1' is selected.
17:23:48 INFO  : System reset is completed.
17:23:51 INFO  : 'after 3000' command is executed.
17:23:51 INFO  : Context for processor 'microblaze_1' is selected.
17:23:54 INFO  : The application 'C:/Users/LIUYAOHUI/Desktop/1236_dma/1236/Debug/1236.elf' is downloaded to processor 'microblaze_1'.
17:23:54 INFO  : ----------------XSDB Script----------------
connect -url tcp:127.0.0.1:3121
targets -set -filter {jtag_cable_name =~ "Digilent JTAG-SMT2 210251A08870" && level==0} -index 0
fpga -file C:/Users/LIUYAOHUI/Desktop/1236_dma/top_hw_platform_0/top.bit
configparams mdm-detect-bscan-mask 2
targets -set -nocase -filter {name =~ "microblaze*#0" && bscan=="USER2"  && jtag_cable_name =~ "Digilent JTAG-SMT2 210251A08870"} -index 0
rst -system
after 3000
targets -set -nocase -filter {name =~ "microblaze*#0" && bscan=="USER2"  && jtag_cable_name =~ "Digilent JTAG-SMT2 210251A08870"} -index 0
dow C:/Users/LIUYAOHUI/Desktop/1236_dma/1236/Debug/1236.elf
----------------End of Script----------------

17:23:54 INFO  : Memory regions updated for context MicroBlaze #0
17:23:54 INFO  : Memory regions updated for context MicroBlaze #0
17:23:54 INFO  : Context for processor 'microblaze_1' is selected.
17:23:54 INFO  : 'con' command is executed.
17:23:54 INFO  : ----------------XSDB Script (After Launch)----------------
targets -set -nocase -filter {name =~ "microblaze*#0" && bscan=="USER2"  && jtag_cable_name =~ "Digilent JTAG-SMT2 210251A08870"} -index 0
con
----------------End of Script----------------

17:23:54 INFO  : Launch script is exported to file 'C:\Users\LIUYAOHUI\Desktop\1236_dma\.sdk\launch_scripts\xilinx_c-c++_application_(system_debugger)\system_debugger_on_local.tcl'
17:36:04 INFO  : Disconnected from the channel tcfchan#1.
10:49:36 INFO  : Registering command handlers for SDK TCF services
10:49:37 INFO  : Launching XSCT server: xsct.bat -interactive C:\Users\LIUYAOHUI\Desktop\1236_dma\temp_xsdb_launch_script.tcl
10:49:39 INFO  : XSCT server has started successfully.
10:49:41 INFO  : Successfully done setting XSCT server connection channel  
10:49:41 INFO  : Successfully done setting SDK workspace  
10:50:45 INFO  : Connected to target on host '127.0.0.1' and port '3121'.
10:50:45 INFO  : Jtag cable 'Digilent JTAG-SMT2 210251A08870' is selected.
10:50:45 INFO  : 'jtag frequency' command is executed.
10:50:45 INFO  : 'targets -set -filter {jtag_cable_name =~ "Digilent JTAG-SMT2 210251A08870" && level==0} -index 0' command is executed.
10:51:00 ERROR : could not find configuration request.
10:51:00 ERROR : Exception occured while running Program FPGA.
java.lang.RuntimeException: could not find configuration request.
10:51:00 INFO  : ----------------XSDB Script----------------
connect -url tcp:127.0.0.1:3121
----------------End of Script----------------

10:51:16 INFO  : Connected to target on host '127.0.0.1' and port '3121'.
10:51:16 INFO  : Jtag cable 'Digilent JTAG-SMT2 210251A08870' is selected.
10:51:16 INFO  : 'jtag frequency' command is executed.
10:51:17 INFO  : 'targets -set -filter {jtag_cable_name =~ "Digilent JTAG-SMT2 210251A08870" && level==0} -index 0' command is executed.
10:51:32 INFO  : FPGA configured successfully with bitstream "C:/Users/LIUYAOHUI/Desktop/1236_dma/top_hw_platform_0/top.bit"
10:51:32 INFO  : 'configparams mdm-detect-bscan-mask 2' command is executed.
10:51:32 INFO  : Context for processor 'microblaze_1' is selected.
10:51:32 INFO  : System reset is completed.
10:51:35 INFO  : 'after 3000' command is executed.
10:51:35 INFO  : Context for processor 'microblaze_1' is selected.
10:51:38 INFO  : The application 'C:/Users/LIUYAOHUI/Desktop/1236_dma/1236/Debug/1236.elf' is downloaded to processor 'microblaze_1'.
10:51:38 INFO  : ----------------XSDB Script----------------
connect -url tcp:127.0.0.1:3121
targets -set -filter {jtag_cable_name =~ "Digilent JTAG-SMT2 210251A08870" && level==0} -index 0
fpga -file C:/Users/LIUYAOHUI/Desktop/1236_dma/top_hw_platform_0/top.bit
configparams mdm-detect-bscan-mask 2
targets -set -nocase -filter {name =~ "microblaze*#0" && bscan=="USER2"  && jtag_cable_name =~ "Digilent JTAG-SMT2 210251A08870"} -index 0
rst -system
after 3000
targets -set -nocase -filter {name =~ "microblaze*#0" && bscan=="USER2"  && jtag_cable_name =~ "Digilent JTAG-SMT2 210251A08870"} -index 0
dow C:/Users/LIUYAOHUI/Desktop/1236_dma/1236/Debug/1236.elf
----------------End of Script----------------

10:51:38 INFO  : Memory regions updated for context MicroBlaze #0
10:51:38 INFO  : Memory regions updated for context MicroBlaze #0
10:51:38 INFO  : Context for processor 'microblaze_1' is selected.
10:51:38 INFO  : 'con' command is executed.
10:51:38 INFO  : ----------------XSDB Script (After Launch)----------------
targets -set -nocase -filter {name =~ "microblaze*#0" && bscan=="USER2"  && jtag_cable_name =~ "Digilent JTAG-SMT2 210251A08870"} -index 0
con
----------------End of Script----------------

10:51:38 INFO  : Launch script is exported to file 'C:\Users\LIUYAOHUI\Desktop\1236_dma\.sdk\launch_scripts\xilinx_c-c++_application_(system_debugger)\system_debugger_on_local.tcl'
11:00:57 INFO  : Disconnected from the channel tcfchan#1.
11:01:23 INFO  : Connected to target on host '127.0.0.1' and port '3121'.
11:01:23 INFO  : Jtag cable 'Digilent JTAG-SMT2 210251A08870' is selected.
11:01:23 INFO  : 'jtag frequency' command is executed.
11:01:23 INFO  : 'targets -set -filter {jtag_cable_name =~ "Digilent JTAG-SMT2 210251A08870" && level==0} -index 0' command is executed.
11:01:39 INFO  : FPGA configured successfully with bitstream "C:/Users/LIUYAOHUI/Desktop/1236_dma/top_hw_platform_0/top.bit"
11:01:39 INFO  : 'configparams mdm-detect-bscan-mask 2' command is executed.
11:01:39 INFO  : Context for processor 'microblaze_1' is selected.
11:01:39 INFO  : System reset is completed.
11:01:42 INFO  : 'after 3000' command is executed.
11:01:42 INFO  : Context for processor 'microblaze_1' is selected.
11:01:44 INFO  : The application 'C:/Users/LIUYAOHUI/Desktop/1236_dma/1236/Debug/1236.elf' is downloaded to processor 'microblaze_1'.
11:01:44 INFO  : ----------------XSDB Script----------------
connect -url tcp:127.0.0.1:3121
targets -set -filter {jtag_cable_name =~ "Digilent JTAG-SMT2 210251A08870" && level==0} -index 0
fpga -file C:/Users/LIUYAOHUI/Desktop/1236_dma/top_hw_platform_0/top.bit
configparams mdm-detect-bscan-mask 2
targets -set -nocase -filter {name =~ "microblaze*#0" && bscan=="USER2"  && jtag_cable_name =~ "Digilent JTAG-SMT2 210251A08870"} -index 0
rst -system
after 3000
targets -set -nocase -filter {name =~ "microblaze*#0" && bscan=="USER2"  && jtag_cable_name =~ "Digilent JTAG-SMT2 210251A08870"} -index 0
dow C:/Users/LIUYAOHUI/Desktop/1236_dma/1236/Debug/1236.elf
----------------End of Script----------------

11:01:44 INFO  : Memory regions updated for context MicroBlaze #0
11:01:44 INFO  : Memory regions updated for context MicroBlaze #0
11:01:44 INFO  : Context for processor 'microblaze_1' is selected.
11:01:44 INFO  : 'con' command is executed.
11:01:44 INFO  : ----------------XSDB Script (After Launch)----------------
targets -set -nocase -filter {name =~ "microblaze*#0" && bscan=="USER2"  && jtag_cable_name =~ "Digilent JTAG-SMT2 210251A08870"} -index 0
con
----------------End of Script----------------

11:01:44 INFO  : Launch script is exported to file 'C:\Users\LIUYAOHUI\Desktop\1236_dma\.sdk\launch_scripts\xilinx_c-c++_application_(system_debugger)\system_debugger_on_local.tcl'
11:03:02 INFO  : Disconnected from the channel tcfchan#2.
11:03:03 INFO  : Connected to target on host '127.0.0.1' and port '3121'.
11:03:03 INFO  : Jtag cable 'Digilent JTAG-SMT2 210251A08870' is selected.
11:03:03 INFO  : 'jtag frequency' command is executed.
11:03:03 INFO  : 'targets -set -filter {jtag_cable_name =~ "Digilent JTAG-SMT2 210251A08870" && level==0} -index 0' command is executed.
11:03:19 INFO  : FPGA configured successfully with bitstream "C:/Users/LIUYAOHUI/Desktop/1236_dma/top_hw_platform_0/top.bit"
11:03:19 INFO  : 'configparams mdm-detect-bscan-mask 2' command is executed.
11:03:19 INFO  : Context for processor 'microblaze_1' is selected.
11:03:19 INFO  : System reset is completed.
11:03:22 INFO  : 'after 3000' command is executed.
11:03:22 INFO  : Context for processor 'microblaze_1' is selected.
11:03:24 INFO  : The application 'C:/Users/LIUYAOHUI/Desktop/1236_dma/1236/Debug/1236.elf' is downloaded to processor 'microblaze_1'.
11:03:24 INFO  : ----------------XSDB Script----------------
connect -url tcp:127.0.0.1:3121
targets -set -filter {jtag_cable_name =~ "Digilent JTAG-SMT2 210251A08870" && level==0} -index 0
fpga -file C:/Users/LIUYAOHUI/Desktop/1236_dma/top_hw_platform_0/top.bit
configparams mdm-detect-bscan-mask 2
targets -set -nocase -filter {name =~ "microblaze*#0" && bscan=="USER2"  && jtag_cable_name =~ "Digilent JTAG-SMT2 210251A08870"} -index 0
rst -system
after 3000
targets -set -nocase -filter {name =~ "microblaze*#0" && bscan=="USER2"  && jtag_cable_name =~ "Digilent JTAG-SMT2 210251A08870"} -index 0
dow C:/Users/LIUYAOHUI/Desktop/1236_dma/1236/Debug/1236.elf
----------------End of Script----------------

11:03:25 INFO  : Memory regions updated for context MicroBlaze #0
11:03:25 INFO  : Memory regions updated for context MicroBlaze #0
11:03:25 INFO  : Context for processor 'microblaze_1' is selected.
11:03:25 INFO  : 'con' command is executed.
11:03:25 INFO  : ----------------XSDB Script (After Launch)----------------
targets -set -nocase -filter {name =~ "microblaze*#0" && bscan=="USER2"  && jtag_cable_name =~ "Digilent JTAG-SMT2 210251A08870"} -index 0
con
----------------End of Script----------------

11:03:25 INFO  : Launch script is exported to file 'C:\Users\LIUYAOHUI\Desktop\1236_dma\.sdk\launch_scripts\xilinx_c-c++_application_(system_debugger)\system_debugger_on_local.tcl'
11:26:39 INFO  : Disconnected from the channel tcfchan#3.
16:48:34 INFO  : Registering command handlers for SDK TCF services
16:48:35 INFO  : Launching XSCT server: xsct.bat -interactive C:\Users\LIUYAOHUI\Desktop\1236_dma\temp_xsdb_launch_script.tcl
16:48:37 INFO  : XSCT server has started successfully.
16:48:39 INFO  : Successfully done setting XSCT server connection channel  
16:48:41 INFO  : Successfully done setting SDK workspace  
16:53:15 INFO  : Connected to target on host '127.0.0.1' and port '3121'.
16:53:24 INFO  : ----------------XSDB Script----------------
connect -url tcp:127.0.0.1:3121
----------------End of Script----------------

16:53:38 INFO  : Connected to target on host '127.0.0.1' and port '3121'.
16:53:55 INFO  : ----------------XSDB Script----------------
connect -url tcp:127.0.0.1:3121
----------------End of Script----------------

16:54:00 INFO  : Connected to target on host '127.0.0.1' and port '3121'.
16:54:00 INFO  : Jtag cable 'Digilent JTAG-SMT2 210251A08870' is selected.
16:54:00 INFO  : 'jtag frequency' command is executed.
16:54:00 INFO  : 'targets -set -filter {jtag_cable_name =~ "Digilent JTAG-SMT2 210251A08870" && level==0} -index 0' command is executed.
16:54:16 INFO  : FPGA configured successfully with bitstream "C:/Users/LIUYAOHUI/Desktop/1236_dma/top_hw_platform_0/top.bit"
16:54:16 INFO  : 'configparams mdm-detect-bscan-mask 2' command is executed.
16:54:16 INFO  : Context for processor 'microblaze_1' is selected.
16:54:16 INFO  : System reset is completed.
16:54:19 INFO  : 'after 3000' command is executed.
16:54:19 INFO  : Context for processor 'microblaze_1' is selected.
16:54:21 INFO  : The application 'C:/Users/LIUYAOHUI/Desktop/1236_dma/1236/Debug/1236.elf' is downloaded to processor 'microblaze_1'.
16:54:21 INFO  : ----------------XSDB Script----------------
connect -url tcp:127.0.0.1:3121
targets -set -filter {jtag_cable_name =~ "Digilent JTAG-SMT2 210251A08870" && level==0} -index 0
fpga -file C:/Users/LIUYAOHUI/Desktop/1236_dma/top_hw_platform_0/top.bit
configparams mdm-detect-bscan-mask 2
targets -set -nocase -filter {name =~ "microblaze*#0" && bscan=="USER2"  && jtag_cable_name =~ "Digilent JTAG-SMT2 210251A08870"} -index 0
rst -system
after 3000
targets -set -nocase -filter {name =~ "microblaze*#0" && bscan=="USER2"  && jtag_cable_name =~ "Digilent JTAG-SMT2 210251A08870"} -index 0
dow C:/Users/LIUYAOHUI/Desktop/1236_dma/1236/Debug/1236.elf
----------------End of Script----------------

16:54:21 INFO  : Memory regions updated for context MicroBlaze #0
16:54:21 INFO  : Memory regions updated for context MicroBlaze #0
16:54:22 INFO  : Context for processor 'microblaze_1' is selected.
16:54:22 INFO  : 'con' command is executed.
16:54:22 INFO  : ----------------XSDB Script (After Launch)----------------
targets -set -nocase -filter {name =~ "microblaze*#0" && bscan=="USER2"  && jtag_cable_name =~ "Digilent JTAG-SMT2 210251A08870"} -index 0
con
----------------End of Script----------------

16:54:22 INFO  : Launch script is exported to file 'C:\Users\LIUYAOHUI\Desktop\1236_dma\.sdk\launch_scripts\xilinx_c-c++_application_(system_debugger)\system_debugger_on_local.tcl'
16:55:31 INFO  : Disconnected from the channel tcfchan#1.
16:55:32 INFO  : Connected to target on host '127.0.0.1' and port '3121'.
16:55:32 INFO  : Jtag cable 'Digilent JTAG-SMT2 210251A08870' is selected.
16:55:32 INFO  : 'jtag frequency' command is executed.
16:55:32 INFO  : 'targets -set -filter {jtag_cable_name =~ "Digilent JTAG-SMT2 210251A08870" && level==0} -index 0' command is executed.
16:55:47 INFO  : FPGA configured successfully with bitstream "C:/Users/LIUYAOHUI/Desktop/1236_dma/top_hw_platform_0/top.bit"
16:55:47 INFO  : 'configparams mdm-detect-bscan-mask 2' command is executed.
16:55:48 INFO  : Context for processor 'microblaze_1' is selected.
16:55:48 INFO  : System reset is completed.
16:55:51 INFO  : 'after 3000' command is executed.
16:55:51 INFO  : Context for processor 'microblaze_1' is selected.
16:55:53 INFO  : The application 'C:/Users/LIUYAOHUI/Desktop/1236_dma/1236/Debug/1236.elf' is downloaded to processor 'microblaze_1'.
16:55:53 INFO  : ----------------XSDB Script----------------
connect -url tcp:127.0.0.1:3121
targets -set -filter {jtag_cable_name =~ "Digilent JTAG-SMT2 210251A08870" && level==0} -index 0
fpga -file C:/Users/LIUYAOHUI/Desktop/1236_dma/top_hw_platform_0/top.bit
configparams mdm-detect-bscan-mask 2
targets -set -nocase -filter {name =~ "microblaze*#0" && bscan=="USER2"  && jtag_cable_name =~ "Digilent JTAG-SMT2 210251A08870"} -index 0
rst -system
after 3000
targets -set -nocase -filter {name =~ "microblaze*#0" && bscan=="USER2"  && jtag_cable_name =~ "Digilent JTAG-SMT2 210251A08870"} -index 0
dow C:/Users/LIUYAOHUI/Desktop/1236_dma/1236/Debug/1236.elf
----------------End of Script----------------

16:55:53 INFO  : Memory regions updated for context MicroBlaze #0
16:55:53 INFO  : Memory regions updated for context MicroBlaze #0
16:55:53 INFO  : Context for processor 'microblaze_1' is selected.
16:55:53 INFO  : 'con' command is executed.
16:55:53 INFO  : ----------------XSDB Script (After Launch)----------------
targets -set -nocase -filter {name =~ "microblaze*#0" && bscan=="USER2"  && jtag_cable_name =~ "Digilent JTAG-SMT2 210251A08870"} -index 0
con
----------------End of Script----------------

16:55:53 INFO  : Launch script is exported to file 'C:\Users\LIUYAOHUI\Desktop\1236_dma\.sdk\launch_scripts\xilinx_c-c++_application_(system_debugger)\system_debugger_on_local.tcl'
17:11:59 INFO  : Disconnected from the channel tcfchan#2.
17:12:00 INFO  : Connected to target on host '127.0.0.1' and port '3121'.
17:12:00 INFO  : Jtag cable 'Digilent JTAG-SMT2 210251A08870' is selected.
17:12:00 INFO  : 'jtag frequency' command is executed.
17:12:01 INFO  : 'targets -set -filter {jtag_cable_name =~ "Digilent JTAG-SMT2 210251A08870" && level==0} -index 0' command is executed.
17:12:16 INFO  : FPGA configured successfully with bitstream "C:/Users/LIUYAOHUI/Desktop/1236_dma/top_hw_platform_0/top.bit"
17:12:16 INFO  : 'configparams mdm-detect-bscan-mask 2' command is executed.
17:12:16 INFO  : Context for processor 'microblaze_1' is selected.
17:12:16 INFO  : System reset is completed.
17:12:19 INFO  : 'after 3000' command is executed.
17:12:19 INFO  : Context for processor 'microblaze_1' is selected.
17:12:22 INFO  : The application 'C:/Users/LIUYAOHUI/Desktop/1236_dma/1236/Debug/1236.elf' is downloaded to processor 'microblaze_1'.
17:12:22 INFO  : ----------------XSDB Script----------------
connect -url tcp:127.0.0.1:3121
targets -set -filter {jtag_cable_name =~ "Digilent JTAG-SMT2 210251A08870" && level==0} -index 0
fpga -file C:/Users/LIUYAOHUI/Desktop/1236_dma/top_hw_platform_0/top.bit
configparams mdm-detect-bscan-mask 2
targets -set -nocase -filter {name =~ "microblaze*#0" && bscan=="USER2"  && jtag_cable_name =~ "Digilent JTAG-SMT2 210251A08870"} -index 0
rst -system
after 3000
targets -set -nocase -filter {name =~ "microblaze*#0" && bscan=="USER2"  && jtag_cable_name =~ "Digilent JTAG-SMT2 210251A08870"} -index 0
dow C:/Users/LIUYAOHUI/Desktop/1236_dma/1236/Debug/1236.elf
----------------End of Script----------------

17:12:22 INFO  : Memory regions updated for context MicroBlaze #0
17:12:22 INFO  : Memory regions updated for context MicroBlaze #0
17:12:22 INFO  : Context for processor 'microblaze_1' is selected.
17:12:22 INFO  : 'con' command is executed.
17:12:22 INFO  : ----------------XSDB Script (After Launch)----------------
targets -set -nocase -filter {name =~ "microblaze*#0" && bscan=="USER2"  && jtag_cable_name =~ "Digilent JTAG-SMT2 210251A08870"} -index 0
con
----------------End of Script----------------

17:12:22 INFO  : Launch script is exported to file 'C:\Users\LIUYAOHUI\Desktop\1236_dma\.sdk\launch_scripts\xilinx_c-c++_application_(system_debugger)\system_debugger_on_local.tcl'
17:26:30 INFO  : Disconnected from the channel tcfchan#3.
17:26:31 INFO  : Connected to target on host '127.0.0.1' and port '3121'.
17:26:31 INFO  : Jtag cable 'Digilent JTAG-SMT2 210251A08870' is selected.
17:26:31 INFO  : 'jtag frequency' command is executed.
17:26:31 INFO  : 'targets -set -filter {jtag_cable_name =~ "Digilent JTAG-SMT2 210251A08870" && level==0} -index 0' command is executed.
17:26:47 INFO  : FPGA configured successfully with bitstream "C:/Users/LIUYAOHUI/Desktop/1236_dma/top_hw_platform_0/top.bit"
17:26:47 INFO  : 'configparams mdm-detect-bscan-mask 2' command is executed.
17:26:47 INFO  : Context for processor 'microblaze_1' is selected.
17:26:47 INFO  : System reset is completed.
17:26:50 INFO  : 'after 3000' command is executed.
17:26:50 INFO  : Context for processor 'microblaze_1' is selected.
17:26:52 INFO  : The application 'C:/Users/LIUYAOHUI/Desktop/1236_dma/1236/Debug/1236.elf' is downloaded to processor 'microblaze_1'.
17:26:52 INFO  : ----------------XSDB Script----------------
connect -url tcp:127.0.0.1:3121
targets -set -filter {jtag_cable_name =~ "Digilent JTAG-SMT2 210251A08870" && level==0} -index 0
fpga -file C:/Users/LIUYAOHUI/Desktop/1236_dma/top_hw_platform_0/top.bit
configparams mdm-detect-bscan-mask 2
targets -set -nocase -filter {name =~ "microblaze*#0" && bscan=="USER2"  && jtag_cable_name =~ "Digilent JTAG-SMT2 210251A08870"} -index 0
rst -system
after 3000
targets -set -nocase -filter {name =~ "microblaze*#0" && bscan=="USER2"  && jtag_cable_name =~ "Digilent JTAG-SMT2 210251A08870"} -index 0
dow C:/Users/LIUYAOHUI/Desktop/1236_dma/1236/Debug/1236.elf
----------------End of Script----------------

17:26:52 INFO  : Memory regions updated for context MicroBlaze #0
17:26:52 INFO  : Memory regions updated for context MicroBlaze #0
17:26:53 INFO  : Context for processor 'microblaze_1' is selected.
17:26:53 INFO  : 'con' command is executed.
17:26:53 INFO  : ----------------XSDB Script (After Launch)----------------
targets -set -nocase -filter {name =~ "microblaze*#0" && bscan=="USER2"  && jtag_cable_name =~ "Digilent JTAG-SMT2 210251A08870"} -index 0
con
----------------End of Script----------------

17:26:53 INFO  : Launch script is exported to file 'C:\Users\LIUYAOHUI\Desktop\1236_dma\.sdk\launch_scripts\xilinx_c-c++_application_(system_debugger)\system_debugger_on_local.tcl'
17:31:58 INFO  : Disconnected from the channel tcfchan#4.
17:31:59 INFO  : Connected to target on host '127.0.0.1' and port '3121'.
17:32:00 INFO  : Jtag cable 'Digilent JTAG-SMT2 210251A08870' is selected.
17:32:00 INFO  : 'jtag frequency' command is executed.
17:32:00 INFO  : 'targets -set -filter {jtag_cable_name =~ "Digilent JTAG-SMT2 210251A08870" && level==0} -index 0' command is executed.
17:32:15 INFO  : FPGA configured successfully with bitstream "C:/Users/LIUYAOHUI/Desktop/1236_dma/top_hw_platform_0/top.bit"
17:32:15 INFO  : 'configparams mdm-detect-bscan-mask 2' command is executed.
17:32:15 INFO  : Context for processor 'microblaze_1' is selected.
17:32:15 INFO  : System reset is completed.
17:32:18 INFO  : 'after 3000' command is executed.
17:32:18 INFO  : Context for processor 'microblaze_1' is selected.
17:32:21 INFO  : The application 'C:/Users/LIUYAOHUI/Desktop/1236_dma/1236/Debug/1236.elf' is downloaded to processor 'microblaze_1'.
17:32:21 INFO  : ----------------XSDB Script----------------
connect -url tcp:127.0.0.1:3121
targets -set -filter {jtag_cable_name =~ "Digilent JTAG-SMT2 210251A08870" && level==0} -index 0
fpga -file C:/Users/LIUYAOHUI/Desktop/1236_dma/top_hw_platform_0/top.bit
configparams mdm-detect-bscan-mask 2
targets -set -nocase -filter {name =~ "microblaze*#0" && bscan=="USER2"  && jtag_cable_name =~ "Digilent JTAG-SMT2 210251A08870"} -index 0
rst -system
after 3000
targets -set -nocase -filter {name =~ "microblaze*#0" && bscan=="USER2"  && jtag_cable_name =~ "Digilent JTAG-SMT2 210251A08870"} -index 0
dow C:/Users/LIUYAOHUI/Desktop/1236_dma/1236/Debug/1236.elf
----------------End of Script----------------

17:32:21 INFO  : Memory regions updated for context MicroBlaze #0
17:32:21 INFO  : Memory regions updated for context MicroBlaze #0
17:32:21 INFO  : Context for processor 'microblaze_1' is selected.
17:32:21 INFO  : 'con' command is executed.
17:32:21 INFO  : ----------------XSDB Script (After Launch)----------------
targets -set -nocase -filter {name =~ "microblaze*#0" && bscan=="USER2"  && jtag_cable_name =~ "Digilent JTAG-SMT2 210251A08870"} -index 0
con
----------------End of Script----------------

17:32:21 INFO  : Launch script is exported to file 'C:\Users\LIUYAOHUI\Desktop\1236_dma\.sdk\launch_scripts\xilinx_c-c++_application_(system_debugger)\system_debugger_on_local.tcl'
17:37:28 INFO  : Disconnected from the channel tcfchan#5.
17:37:29 INFO  : Connected to target on host '127.0.0.1' and port '3121'.
17:37:29 INFO  : Jtag cable 'Digilent JTAG-SMT2 210251A08870' is selected.
17:37:29 INFO  : 'jtag frequency' command is executed.
17:37:29 INFO  : 'targets -set -filter {jtag_cable_name =~ "Digilent JTAG-SMT2 210251A08870" && level==0} -index 0' command is executed.
17:37:45 INFO  : FPGA configured successfully with bitstream "C:/Users/LIUYAOHUI/Desktop/1236_dma/top_hw_platform_0/top.bit"
17:37:45 INFO  : 'configparams mdm-detect-bscan-mask 2' command is executed.
17:37:45 INFO  : Context for processor 'microblaze_1' is selected.
17:37:45 INFO  : System reset is completed.
17:37:48 INFO  : 'after 3000' command is executed.
17:37:48 INFO  : Context for processor 'microblaze_1' is selected.
17:37:50 INFO  : The application 'C:/Users/LIUYAOHUI/Desktop/1236_dma/1236/Debug/1236.elf' is downloaded to processor 'microblaze_1'.
17:37:50 INFO  : ----------------XSDB Script----------------
connect -url tcp:127.0.0.1:3121
targets -set -filter {jtag_cable_name =~ "Digilent JTAG-SMT2 210251A08870" && level==0} -index 0
fpga -file C:/Users/LIUYAOHUI/Desktop/1236_dma/top_hw_platform_0/top.bit
configparams mdm-detect-bscan-mask 2
targets -set -nocase -filter {name =~ "microblaze*#0" && bscan=="USER2"  && jtag_cable_name =~ "Digilent JTAG-SMT2 210251A08870"} -index 0
rst -system
after 3000
targets -set -nocase -filter {name =~ "microblaze*#0" && bscan=="USER2"  && jtag_cable_name =~ "Digilent JTAG-SMT2 210251A08870"} -index 0
dow C:/Users/LIUYAOHUI/Desktop/1236_dma/1236/Debug/1236.elf
----------------End of Script----------------

17:37:50 INFO  : Memory regions updated for context MicroBlaze #0
17:37:50 INFO  : Memory regions updated for context MicroBlaze #0
17:37:51 INFO  : Context for processor 'microblaze_1' is selected.
17:37:51 INFO  : 'con' command is executed.
17:37:51 INFO  : ----------------XSDB Script (After Launch)----------------
targets -set -nocase -filter {name =~ "microblaze*#0" && bscan=="USER2"  && jtag_cable_name =~ "Digilent JTAG-SMT2 210251A08870"} -index 0
con
----------------End of Script----------------

17:37:51 INFO  : Launch script is exported to file 'C:\Users\LIUYAOHUI\Desktop\1236_dma\.sdk\launch_scripts\xilinx_c-c++_application_(system_debugger)\system_debugger_on_local.tcl'
17:47:04 INFO  : Disconnected from the channel tcfchan#6.
17:47:05 INFO  : Connected to target on host '127.0.0.1' and port '3121'.
17:47:05 INFO  : Jtag cable 'Digilent JTAG-SMT2 210251A08870' is selected.
17:47:05 INFO  : 'jtag frequency' command is executed.
17:47:05 INFO  : 'targets -set -filter {jtag_cable_name =~ "Digilent JTAG-SMT2 210251A08870" && level==0} -index 0' command is executed.
17:47:21 INFO  : FPGA configured successfully with bitstream "C:/Users/LIUYAOHUI/Desktop/1236_dma/top_hw_platform_0/top.bit"
17:47:21 INFO  : 'configparams mdm-detect-bscan-mask 2' command is executed.
17:47:21 INFO  : Context for processor 'microblaze_1' is selected.
17:47:21 INFO  : System reset is completed.
17:47:24 INFO  : 'after 3000' command is executed.
17:47:24 INFO  : Context for processor 'microblaze_1' is selected.
17:47:26 INFO  : The application 'C:/Users/LIUYAOHUI/Desktop/1236_dma/1236/Debug/1236.elf' is downloaded to processor 'microblaze_1'.
17:47:26 INFO  : ----------------XSDB Script----------------
connect -url tcp:127.0.0.1:3121
targets -set -filter {jtag_cable_name =~ "Digilent JTAG-SMT2 210251A08870" && level==0} -index 0
fpga -file C:/Users/LIUYAOHUI/Desktop/1236_dma/top_hw_platform_0/top.bit
configparams mdm-detect-bscan-mask 2
targets -set -nocase -filter {name =~ "microblaze*#0" && bscan=="USER2"  && jtag_cable_name =~ "Digilent JTAG-SMT2 210251A08870"} -index 0
rst -system
after 3000
targets -set -nocase -filter {name =~ "microblaze*#0" && bscan=="USER2"  && jtag_cable_name =~ "Digilent JTAG-SMT2 210251A08870"} -index 0
dow C:/Users/LIUYAOHUI/Desktop/1236_dma/1236/Debug/1236.elf
----------------End of Script----------------

17:47:26 INFO  : Memory regions updated for context MicroBlaze #0
17:47:26 INFO  : Memory regions updated for context MicroBlaze #0
17:47:27 INFO  : Context for processor 'microblaze_1' is selected.
17:47:27 INFO  : 'con' command is executed.
17:47:27 INFO  : ----------------XSDB Script (After Launch)----------------
targets -set -nocase -filter {name =~ "microblaze*#0" && bscan=="USER2"  && jtag_cable_name =~ "Digilent JTAG-SMT2 210251A08870"} -index 0
con
----------------End of Script----------------

17:47:27 INFO  : Launch script is exported to file 'C:\Users\LIUYAOHUI\Desktop\1236_dma\.sdk\launch_scripts\xilinx_c-c++_application_(system_debugger)\system_debugger_on_local.tcl'
17:49:23 INFO  : Disconnected from the channel tcfchan#7.
17:49:24 INFO  : Connected to target on host '127.0.0.1' and port '3121'.
17:49:24 INFO  : Jtag cable 'Digilent JTAG-SMT2 210251A08870' is selected.
17:49:24 INFO  : 'jtag frequency' command is executed.
17:49:24 INFO  : 'targets -set -filter {jtag_cable_name =~ "Digilent JTAG-SMT2 210251A08870" && level==0} -index 0' command is executed.
17:49:40 INFO  : FPGA configured successfully with bitstream "C:/Users/LIUYAOHUI/Desktop/1236_dma/top_hw_platform_0/top.bit"
17:49:40 INFO  : 'configparams mdm-detect-bscan-mask 2' command is executed.
17:49:40 INFO  : Context for processor 'microblaze_1' is selected.
17:49:40 INFO  : System reset is completed.
17:49:43 INFO  : 'after 3000' command is executed.
17:49:43 INFO  : Context for processor 'microblaze_1' is selected.
17:49:45 INFO  : The application 'C:/Users/LIUYAOHUI/Desktop/1236_dma/1236/Debug/1236.elf' is downloaded to processor 'microblaze_1'.
17:49:45 INFO  : ----------------XSDB Script----------------
connect -url tcp:127.0.0.1:3121
targets -set -filter {jtag_cable_name =~ "Digilent JTAG-SMT2 210251A08870" && level==0} -index 0
fpga -file C:/Users/LIUYAOHUI/Desktop/1236_dma/top_hw_platform_0/top.bit
configparams mdm-detect-bscan-mask 2
targets -set -nocase -filter {name =~ "microblaze*#0" && bscan=="USER2"  && jtag_cable_name =~ "Digilent JTAG-SMT2 210251A08870"} -index 0
rst -system
after 3000
targets -set -nocase -filter {name =~ "microblaze*#0" && bscan=="USER2"  && jtag_cable_name =~ "Digilent JTAG-SMT2 210251A08870"} -index 0
dow C:/Users/LIUYAOHUI/Desktop/1236_dma/1236/Debug/1236.elf
----------------End of Script----------------

17:49:45 INFO  : Memory regions updated for context MicroBlaze #0
17:49:45 INFO  : Memory regions updated for context MicroBlaze #0
17:49:45 INFO  : Context for processor 'microblaze_1' is selected.
17:49:45 INFO  : 'con' command is executed.
17:49:45 INFO  : ----------------XSDB Script (After Launch)----------------
targets -set -nocase -filter {name =~ "microblaze*#0" && bscan=="USER2"  && jtag_cable_name =~ "Digilent JTAG-SMT2 210251A08870"} -index 0
con
----------------End of Script----------------

17:49:45 INFO  : Launch script is exported to file 'C:\Users\LIUYAOHUI\Desktop\1236_dma\.sdk\launch_scripts\xilinx_c-c++_application_(system_debugger)\system_debugger_on_local.tcl'
17:51:04 INFO  : Disconnected from the channel tcfchan#8.
17:51:05 INFO  : Connected to target on host '127.0.0.1' and port '3121'.
17:51:05 INFO  : Jtag cable 'Digilent JTAG-SMT2 210251A08870' is selected.
17:51:05 INFO  : 'jtag frequency' command is executed.
17:51:05 INFO  : 'targets -set -filter {jtag_cable_name =~ "Digilent JTAG-SMT2 210251A08870" && level==0} -index 0' command is executed.
17:51:20 INFO  : FPGA configured successfully with bitstream "C:/Users/LIUYAOHUI/Desktop/1236_dma/top_hw_platform_0/top.bit"
17:51:20 INFO  : 'configparams mdm-detect-bscan-mask 2' command is executed.
17:51:20 INFO  : Context for processor 'microblaze_1' is selected.
17:51:21 INFO  : System reset is completed.
17:51:24 INFO  : 'after 3000' command is executed.
17:51:24 INFO  : Context for processor 'microblaze_1' is selected.
17:51:26 INFO  : The application 'C:/Users/LIUYAOHUI/Desktop/1236_dma/1236/Debug/1236.elf' is downloaded to processor 'microblaze_1'.
17:51:26 INFO  : ----------------XSDB Script----------------
connect -url tcp:127.0.0.1:3121
targets -set -filter {jtag_cable_name =~ "Digilent JTAG-SMT2 210251A08870" && level==0} -index 0
fpga -file C:/Users/LIUYAOHUI/Desktop/1236_dma/top_hw_platform_0/top.bit
configparams mdm-detect-bscan-mask 2
targets -set -nocase -filter {name =~ "microblaze*#0" && bscan=="USER2"  && jtag_cable_name =~ "Digilent JTAG-SMT2 210251A08870"} -index 0
rst -system
after 3000
targets -set -nocase -filter {name =~ "microblaze*#0" && bscan=="USER2"  && jtag_cable_name =~ "Digilent JTAG-SMT2 210251A08870"} -index 0
dow C:/Users/LIUYAOHUI/Desktop/1236_dma/1236/Debug/1236.elf
----------------End of Script----------------

17:51:26 INFO  : Memory regions updated for context MicroBlaze #0
17:51:26 INFO  : Memory regions updated for context MicroBlaze #0
17:51:26 INFO  : Context for processor 'microblaze_1' is selected.
17:51:26 INFO  : 'con' command is executed.
17:51:26 INFO  : ----------------XSDB Script (After Launch)----------------
targets -set -nocase -filter {name =~ "microblaze*#0" && bscan=="USER2"  && jtag_cable_name =~ "Digilent JTAG-SMT2 210251A08870"} -index 0
con
----------------End of Script----------------

17:51:26 INFO  : Launch script is exported to file 'C:\Users\LIUYAOHUI\Desktop\1236_dma\.sdk\launch_scripts\xilinx_c-c++_application_(system_debugger)\system_debugger_on_local.tcl'
17:55:15 INFO  : Disconnected from the channel tcfchan#9.
17:55:16 INFO  : Connected to target on host '127.0.0.1' and port '3121'.
17:55:16 INFO  : Jtag cable 'Digilent JTAG-SMT2 210251A08870' is selected.
17:55:16 INFO  : 'jtag frequency' command is executed.
17:55:16 INFO  : 'targets -set -filter {jtag_cable_name =~ "Digilent JTAG-SMT2 210251A08870" && level==0} -index 0' command is executed.
17:55:32 INFO  : FPGA configured successfully with bitstream "C:/Users/LIUYAOHUI/Desktop/1236_dma/top_hw_platform_0/top.bit"
17:55:32 INFO  : 'configparams mdm-detect-bscan-mask 2' command is executed.
17:55:32 INFO  : Context for processor 'microblaze_1' is selected.
17:55:32 INFO  : System reset is completed.
17:55:35 INFO  : 'after 3000' command is executed.
17:55:35 INFO  : Context for processor 'microblaze_1' is selected.
17:55:37 INFO  : The application 'C:/Users/LIUYAOHUI/Desktop/1236_dma/1236/Debug/1236.elf' is downloaded to processor 'microblaze_1'.
17:55:37 INFO  : ----------------XSDB Script----------------
connect -url tcp:127.0.0.1:3121
targets -set -filter {jtag_cable_name =~ "Digilent JTAG-SMT2 210251A08870" && level==0} -index 0
fpga -file C:/Users/LIUYAOHUI/Desktop/1236_dma/top_hw_platform_0/top.bit
configparams mdm-detect-bscan-mask 2
targets -set -nocase -filter {name =~ "microblaze*#0" && bscan=="USER2"  && jtag_cable_name =~ "Digilent JTAG-SMT2 210251A08870"} -index 0
rst -system
after 3000
targets -set -nocase -filter {name =~ "microblaze*#0" && bscan=="USER2"  && jtag_cable_name =~ "Digilent JTAG-SMT2 210251A08870"} -index 0
dow C:/Users/LIUYAOHUI/Desktop/1236_dma/1236/Debug/1236.elf
----------------End of Script----------------

17:55:37 INFO  : Memory regions updated for context MicroBlaze #0
17:55:37 INFO  : Memory regions updated for context MicroBlaze #0
17:55:37 INFO  : Context for processor 'microblaze_1' is selected.
17:55:37 INFO  : 'con' command is executed.
17:55:37 INFO  : ----------------XSDB Script (After Launch)----------------
targets -set -nocase -filter {name =~ "microblaze*#0" && bscan=="USER2"  && jtag_cable_name =~ "Digilent JTAG-SMT2 210251A08870"} -index 0
con
----------------End of Script----------------

17:55:37 INFO  : Launch script is exported to file 'C:\Users\LIUYAOHUI\Desktop\1236_dma\.sdk\launch_scripts\xilinx_c-c++_application_(system_debugger)\system_debugger_on_local.tcl'
17:56:17 INFO  : Disconnected from the channel tcfchan#10.
17:56:18 INFO  : Connected to target on host '127.0.0.1' and port '3121'.
17:56:18 INFO  : Jtag cable 'Digilent JTAG-SMT2 210251A08870' is selected.
17:56:18 INFO  : 'jtag frequency' command is executed.
17:56:18 INFO  : 'targets -set -filter {jtag_cable_name =~ "Digilent JTAG-SMT2 210251A08870" && level==0} -index 0' command is executed.
17:56:34 INFO  : FPGA configured successfully with bitstream "C:/Users/LIUYAOHUI/Desktop/1236_dma/top_hw_platform_0/top.bit"
17:56:34 INFO  : 'configparams mdm-detect-bscan-mask 2' command is executed.
17:56:34 INFO  : Context for processor 'microblaze_1' is selected.
17:56:34 INFO  : System reset is completed.
17:56:37 INFO  : 'after 3000' command is executed.
17:56:37 INFO  : Context for processor 'microblaze_1' is selected.
17:56:39 INFO  : The application 'C:/Users/LIUYAOHUI/Desktop/1236_dma/1236/Debug/1236.elf' is downloaded to processor 'microblaze_1'.
17:56:39 INFO  : ----------------XSDB Script----------------
connect -url tcp:127.0.0.1:3121
targets -set -filter {jtag_cable_name =~ "Digilent JTAG-SMT2 210251A08870" && level==0} -index 0
fpga -file C:/Users/LIUYAOHUI/Desktop/1236_dma/top_hw_platform_0/top.bit
configparams mdm-detect-bscan-mask 2
targets -set -nocase -filter {name =~ "microblaze*#0" && bscan=="USER2"  && jtag_cable_name =~ "Digilent JTAG-SMT2 210251A08870"} -index 0
rst -system
after 3000
targets -set -nocase -filter {name =~ "microblaze*#0" && bscan=="USER2"  && jtag_cable_name =~ "Digilent JTAG-SMT2 210251A08870"} -index 0
dow C:/Users/LIUYAOHUI/Desktop/1236_dma/1236/Debug/1236.elf
----------------End of Script----------------

17:56:39 INFO  : Memory regions updated for context MicroBlaze #0
17:56:39 INFO  : Memory regions updated for context MicroBlaze #0
17:56:39 INFO  : Context for processor 'microblaze_1' is selected.
17:56:39 INFO  : 'con' command is executed.
17:56:39 INFO  : ----------------XSDB Script (After Launch)----------------
targets -set -nocase -filter {name =~ "microblaze*#0" && bscan=="USER2"  && jtag_cable_name =~ "Digilent JTAG-SMT2 210251A08870"} -index 0
con
----------------End of Script----------------

17:56:39 INFO  : Launch script is exported to file 'C:\Users\LIUYAOHUI\Desktop\1236_dma\.sdk\launch_scripts\xilinx_c-c++_application_(system_debugger)\system_debugger_on_local.tcl'
17:57:48 INFO  : Disconnected from the channel tcfchan#11.
17:57:49 INFO  : Connected to target on host '127.0.0.1' and port '3121'.
17:57:49 INFO  : Jtag cable 'Digilent JTAG-SMT2 210251A08870' is selected.
17:57:49 INFO  : 'jtag frequency' command is executed.
17:57:49 INFO  : 'targets -set -filter {jtag_cable_name =~ "Digilent JTAG-SMT2 210251A08870" && level==0} -index 0' command is executed.
17:58:05 INFO  : FPGA configured successfully with bitstream "C:/Users/LIUYAOHUI/Desktop/1236_dma/top_hw_platform_0/top.bit"
17:58:05 INFO  : 'configparams mdm-detect-bscan-mask 2' command is executed.
17:58:05 INFO  : Context for processor 'microblaze_1' is selected.
17:58:05 INFO  : System reset is completed.
17:58:08 INFO  : 'after 3000' command is executed.
17:58:08 INFO  : Context for processor 'microblaze_1' is selected.
17:58:10 INFO  : The application 'C:/Users/LIUYAOHUI/Desktop/1236_dma/1236/Debug/1236.elf' is downloaded to processor 'microblaze_1'.
17:58:10 INFO  : ----------------XSDB Script----------------
connect -url tcp:127.0.0.1:3121
targets -set -filter {jtag_cable_name =~ "Digilent JTAG-SMT2 210251A08870" && level==0} -index 0
fpga -file C:/Users/LIUYAOHUI/Desktop/1236_dma/top_hw_platform_0/top.bit
configparams mdm-detect-bscan-mask 2
targets -set -nocase -filter {name =~ "microblaze*#0" && bscan=="USER2"  && jtag_cable_name =~ "Digilent JTAG-SMT2 210251A08870"} -index 0
rst -system
after 3000
targets -set -nocase -filter {name =~ "microblaze*#0" && bscan=="USER2"  && jtag_cable_name =~ "Digilent JTAG-SMT2 210251A08870"} -index 0
dow C:/Users/LIUYAOHUI/Desktop/1236_dma/1236/Debug/1236.elf
----------------End of Script----------------

17:58:10 INFO  : Memory regions updated for context MicroBlaze #0
17:58:10 INFO  : Memory regions updated for context MicroBlaze #0
17:58:11 INFO  : Context for processor 'microblaze_1' is selected.
17:58:11 INFO  : 'con' command is executed.
17:58:11 INFO  : ----------------XSDB Script (After Launch)----------------
targets -set -nocase -filter {name =~ "microblaze*#0" && bscan=="USER2"  && jtag_cable_name =~ "Digilent JTAG-SMT2 210251A08870"} -index 0
con
----------------End of Script----------------

17:58:11 INFO  : Launch script is exported to file 'C:\Users\LIUYAOHUI\Desktop\1236_dma\.sdk\launch_scripts\xilinx_c-c++_application_(system_debugger)\system_debugger_on_local.tcl'
18:19:02 INFO  : Disconnected from the channel tcfchan#12.
18:19:03 INFO  : Connected to target on host '127.0.0.1' and port '3121'.
18:19:03 INFO  : Jtag cable 'Digilent JTAG-SMT2 210251A08870' is selected.
18:19:03 INFO  : 'jtag frequency' command is executed.
18:19:03 INFO  : 'targets -set -filter {jtag_cable_name =~ "Digilent JTAG-SMT2 210251A08870" && level==0} -index 0' command is executed.
18:19:19 INFO  : FPGA configured successfully with bitstream "C:/Users/LIUYAOHUI/Desktop/1236_dma/top_hw_platform_0/top.bit"
18:19:19 INFO  : 'configparams mdm-detect-bscan-mask 2' command is executed.
18:19:19 INFO  : Context for processor 'microblaze_1' is selected.
18:19:19 INFO  : System reset is completed.
18:19:22 INFO  : 'after 3000' command is executed.
18:19:22 INFO  : Context for processor 'microblaze_1' is selected.
18:19:24 INFO  : The application 'C:/Users/LIUYAOHUI/Desktop/1236_dma/1236/Debug/1236.elf' is downloaded to processor 'microblaze_1'.
18:19:24 INFO  : ----------------XSDB Script----------------
connect -url tcp:127.0.0.1:3121
targets -set -filter {jtag_cable_name =~ "Digilent JTAG-SMT2 210251A08870" && level==0} -index 0
fpga -file C:/Users/LIUYAOHUI/Desktop/1236_dma/top_hw_platform_0/top.bit
configparams mdm-detect-bscan-mask 2
targets -set -nocase -filter {name =~ "microblaze*#0" && bscan=="USER2"  && jtag_cable_name =~ "Digilent JTAG-SMT2 210251A08870"} -index 0
rst -system
after 3000
targets -set -nocase -filter {name =~ "microblaze*#0" && bscan=="USER2"  && jtag_cable_name =~ "Digilent JTAG-SMT2 210251A08870"} -index 0
dow C:/Users/LIUYAOHUI/Desktop/1236_dma/1236/Debug/1236.elf
----------------End of Script----------------

18:19:25 INFO  : Memory regions updated for context MicroBlaze #0
18:19:25 INFO  : Memory regions updated for context MicroBlaze #0
18:19:25 INFO  : Context for processor 'microblaze_1' is selected.
18:19:25 INFO  : 'con' command is executed.
18:19:25 INFO  : ----------------XSDB Script (After Launch)----------------
targets -set -nocase -filter {name =~ "microblaze*#0" && bscan=="USER2"  && jtag_cable_name =~ "Digilent JTAG-SMT2 210251A08870"} -index 0
con
----------------End of Script----------------

18:19:25 INFO  : Launch script is exported to file 'C:\Users\LIUYAOHUI\Desktop\1236_dma\.sdk\launch_scripts\xilinx_c-c++_application_(system_debugger)\system_debugger_on_local.tcl'
18:21:07 INFO  : Disconnected from the channel tcfchan#13.
18:21:08 INFO  : Connected to target on host '127.0.0.1' and port '3121'.
18:21:08 INFO  : Jtag cable 'Digilent JTAG-SMT2 210251A08870' is selected.
18:21:08 INFO  : 'jtag frequency' command is executed.
18:21:08 INFO  : 'targets -set -filter {jtag_cable_name =~ "Digilent JTAG-SMT2 210251A08870" && level==0} -index 0' command is executed.
18:21:24 INFO  : FPGA configured successfully with bitstream "C:/Users/LIUYAOHUI/Desktop/1236_dma/top_hw_platform_0/top.bit"
18:21:24 INFO  : 'configparams mdm-detect-bscan-mask 2' command is executed.
18:21:24 INFO  : Context for processor 'microblaze_1' is selected.
18:21:24 INFO  : System reset is completed.
18:21:27 INFO  : 'after 3000' command is executed.
18:21:27 INFO  : Context for processor 'microblaze_1' is selected.
18:21:29 INFO  : The application 'C:/Users/LIUYAOHUI/Desktop/1236_dma/1236/Debug/1236.elf' is downloaded to processor 'microblaze_1'.
18:21:29 INFO  : ----------------XSDB Script----------------
connect -url tcp:127.0.0.1:3121
targets -set -filter {jtag_cable_name =~ "Digilent JTAG-SMT2 210251A08870" && level==0} -index 0
fpga -file C:/Users/LIUYAOHUI/Desktop/1236_dma/top_hw_platform_0/top.bit
configparams mdm-detect-bscan-mask 2
targets -set -nocase -filter {name =~ "microblaze*#0" && bscan=="USER2"  && jtag_cable_name =~ "Digilent JTAG-SMT2 210251A08870"} -index 0
rst -system
after 3000
targets -set -nocase -filter {name =~ "microblaze*#0" && bscan=="USER2"  && jtag_cable_name =~ "Digilent JTAG-SMT2 210251A08870"} -index 0
dow C:/Users/LIUYAOHUI/Desktop/1236_dma/1236/Debug/1236.elf
----------------End of Script----------------

18:21:29 INFO  : Memory regions updated for context MicroBlaze #0
18:21:29 INFO  : Memory regions updated for context MicroBlaze #0
18:21:29 INFO  : Context for processor 'microblaze_1' is selected.
18:21:29 INFO  : 'con' command is executed.
18:21:29 INFO  : ----------------XSDB Script (After Launch)----------------
targets -set -nocase -filter {name =~ "microblaze*#0" && bscan=="USER2"  && jtag_cable_name =~ "Digilent JTAG-SMT2 210251A08870"} -index 0
con
----------------End of Script----------------

18:21:29 INFO  : Launch script is exported to file 'C:\Users\LIUYAOHUI\Desktop\1236_dma\.sdk\launch_scripts\xilinx_c-c++_application_(system_debugger)\system_debugger_on_local.tcl'
18:22:45 INFO  : Disconnected from the channel tcfchan#14.
21:08:03 INFO  : Registering command handlers for SDK TCF services
21:08:03 INFO  : Launching XSCT server: xsct.bat -interactive C:\Users\LIUYAOHUI\Desktop\1236_dma\temp_xsdb_launch_script.tcl
21:08:04 INFO  : XSCT server has started successfully.
21:08:04 INFO  : Successfully done setting XSCT server connection channel  
21:08:04 INFO  : Successfully done setting SDK workspace  
09:11:32 INFO  : Registering command handlers for SDK TCF services
09:11:32 INFO  : Launching XSCT server: xsct.bat -interactive C:\Users\LIUYAOHUI\Desktop\1236_dma\temp_xsdb_launch_script.tcl
09:11:34 INFO  : XSCT server has started successfully.
09:11:37 INFO  : Successfully done setting XSCT server connection channel  
09:11:37 INFO  : Successfully done setting SDK workspace  
09:28:52 INFO  : Connected to target on host '127.0.0.1' and port '3121'.
09:28:53 INFO  : Jtag cable 'Digilent JTAG-SMT2 210251A08870' is selected.
09:28:53 INFO  : 'jtag frequency' command is executed.
09:28:53 INFO  : 'targets -set -filter {jtag_cable_name =~ "Digilent JTAG-SMT2 210251A08870" && level==0} -index 0' command is executed.
09:29:09 INFO  : FPGA configured successfully with bitstream "C:/Users/LIUYAOHUI/Desktop/1236_dma/top_hw_platform_0/top.bit"
09:29:09 INFO  : 'configparams mdm-detect-bscan-mask 2' command is executed.
09:29:09 INFO  : Context for processor 'microblaze_1' is selected.
09:29:09 INFO  : System reset is completed.
09:29:12 INFO  : 'after 3000' command is executed.
09:29:12 INFO  : Context for processor 'microblaze_1' is selected.
09:29:14 INFO  : The application 'C:/Users/LIUYAOHUI/Desktop/1236_dma/1236/Debug/1236.elf' is downloaded to processor 'microblaze_1'.
09:29:14 INFO  : ----------------XSDB Script----------------
connect -url tcp:127.0.0.1:3121
targets -set -filter {jtag_cable_name =~ "Digilent JTAG-SMT2 210251A08870" && level==0} -index 0
fpga -file C:/Users/LIUYAOHUI/Desktop/1236_dma/top_hw_platform_0/top.bit
configparams mdm-detect-bscan-mask 2
targets -set -nocase -filter {name =~ "microblaze*#0" && bscan=="USER2"  && jtag_cable_name =~ "Digilent JTAG-SMT2 210251A08870"} -index 0
rst -system
after 3000
targets -set -nocase -filter {name =~ "microblaze*#0" && bscan=="USER2"  && jtag_cable_name =~ "Digilent JTAG-SMT2 210251A08870"} -index 0
dow C:/Users/LIUYAOHUI/Desktop/1236_dma/1236/Debug/1236.elf
----------------End of Script----------------

09:29:14 INFO  : Memory regions updated for context MicroBlaze #0
09:29:14 INFO  : Memory regions updated for context MicroBlaze #0
09:29:14 INFO  : Context for processor 'microblaze_1' is selected.
09:29:14 INFO  : 'con' command is executed.
09:29:14 INFO  : ----------------XSDB Script (After Launch)----------------
targets -set -nocase -filter {name =~ "microblaze*#0" && bscan=="USER2"  && jtag_cable_name =~ "Digilent JTAG-SMT2 210251A08870"} -index 0
con
----------------End of Script----------------

09:29:14 INFO  : Launch script is exported to file 'C:\Users\LIUYAOHUI\Desktop\1236_dma\.sdk\launch_scripts\xilinx_c-c++_application_(system_debugger)\system_debugger_on_local.tcl'
09:42:44 INFO  : Disconnected from the channel tcfchan#1.
09:42:45 INFO  : Connected to target on host '127.0.0.1' and port '3121'.
09:42:45 INFO  : Jtag cable 'Digilent JTAG-SMT2 210251A08870' is selected.
09:42:45 INFO  : 'jtag frequency' command is executed.
09:42:45 INFO  : 'targets -set -filter {jtag_cable_name =~ "Digilent JTAG-SMT2 210251A08870" && level==0} -index 0' command is executed.
09:43:01 INFO  : FPGA configured successfully with bitstream "C:/Users/LIUYAOHUI/Desktop/1236_dma/top_hw_platform_0/top.bit"
09:43:01 INFO  : 'configparams mdm-detect-bscan-mask 2' command is executed.
09:43:01 INFO  : Context for processor 'microblaze_1' is selected.
09:43:01 INFO  : System reset is completed.
09:43:04 INFO  : 'after 3000' command is executed.
09:43:04 INFO  : Context for processor 'microblaze_1' is selected.
09:43:07 INFO  : The application 'C:/Users/LIUYAOHUI/Desktop/1236_dma/1236/Debug/1236.elf' is downloaded to processor 'microblaze_1'.
09:43:07 INFO  : ----------------XSDB Script----------------
connect -url tcp:127.0.0.1:3121
targets -set -filter {jtag_cable_name =~ "Digilent JTAG-SMT2 210251A08870" && level==0} -index 0
fpga -file C:/Users/LIUYAOHUI/Desktop/1236_dma/top_hw_platform_0/top.bit
configparams mdm-detect-bscan-mask 2
targets -set -nocase -filter {name =~ "microblaze*#0" && bscan=="USER2"  && jtag_cable_name =~ "Digilent JTAG-SMT2 210251A08870"} -index 0
rst -system
after 3000
targets -set -nocase -filter {name =~ "microblaze*#0" && bscan=="USER2"  && jtag_cable_name =~ "Digilent JTAG-SMT2 210251A08870"} -index 0
dow C:/Users/LIUYAOHUI/Desktop/1236_dma/1236/Debug/1236.elf
----------------End of Script----------------

09:43:07 INFO  : Memory regions updated for context MicroBlaze #0
09:43:07 INFO  : Memory regions updated for context MicroBlaze #0
09:43:07 INFO  : Context for processor 'microblaze_1' is selected.
09:43:07 INFO  : 'con' command is executed.
09:43:07 INFO  : ----------------XSDB Script (After Launch)----------------
targets -set -nocase -filter {name =~ "microblaze*#0" && bscan=="USER2"  && jtag_cable_name =~ "Digilent JTAG-SMT2 210251A08870"} -index 0
con
----------------End of Script----------------

09:43:07 INFO  : Launch script is exported to file 'C:\Users\LIUYAOHUI\Desktop\1236_dma\.sdk\launch_scripts\xilinx_c-c++_application_(system_debugger)\system_debugger_on_local.tcl'
09:43:31 INFO  : Disconnected from the channel tcfchan#2.
09:43:32 INFO  : Connected to target on host '127.0.0.1' and port '3121'.
09:43:32 INFO  : Jtag cable 'Digilent JTAG-SMT2 210251A08870' is selected.
09:43:32 INFO  : 'jtag frequency' command is executed.
09:43:32 INFO  : 'targets -set -filter {jtag_cable_name =~ "Digilent JTAG-SMT2 210251A08870" && level==0} -index 0' command is executed.
09:43:48 INFO  : FPGA configured successfully with bitstream "C:/Users/LIUYAOHUI/Desktop/1236_dma/top_hw_platform_0/top.bit"
09:43:48 INFO  : 'configparams mdm-detect-bscan-mask 2' command is executed.
09:43:48 INFO  : Context for processor 'microblaze_1' is selected.
09:43:48 INFO  : System reset is completed.
09:43:51 INFO  : 'after 3000' command is executed.
09:43:51 INFO  : Context for processor 'microblaze_1' is selected.
09:43:53 INFO  : The application 'C:/Users/LIUYAOHUI/Desktop/1236_dma/1236/Debug/1236.elf' is downloaded to processor 'microblaze_1'.
09:43:53 INFO  : ----------------XSDB Script----------------
connect -url tcp:127.0.0.1:3121
targets -set -filter {jtag_cable_name =~ "Digilent JTAG-SMT2 210251A08870" && level==0} -index 0
fpga -file C:/Users/LIUYAOHUI/Desktop/1236_dma/top_hw_platform_0/top.bit
configparams mdm-detect-bscan-mask 2
targets -set -nocase -filter {name =~ "microblaze*#0" && bscan=="USER2"  && jtag_cable_name =~ "Digilent JTAG-SMT2 210251A08870"} -index 0
rst -system
after 3000
targets -set -nocase -filter {name =~ "microblaze*#0" && bscan=="USER2"  && jtag_cable_name =~ "Digilent JTAG-SMT2 210251A08870"} -index 0
dow C:/Users/LIUYAOHUI/Desktop/1236_dma/1236/Debug/1236.elf
----------------End of Script----------------

09:43:53 INFO  : Memory regions updated for context MicroBlaze #0
09:43:53 INFO  : Memory regions updated for context MicroBlaze #0
09:43:53 INFO  : Context for processor 'microblaze_1' is selected.
09:43:54 INFO  : 'con' command is executed.
09:43:54 INFO  : ----------------XSDB Script (After Launch)----------------
targets -set -nocase -filter {name =~ "microblaze*#0" && bscan=="USER2"  && jtag_cable_name =~ "Digilent JTAG-SMT2 210251A08870"} -index 0
con
----------------End of Script----------------

09:43:54 INFO  : Launch script is exported to file 'C:\Users\LIUYAOHUI\Desktop\1236_dma\.sdk\launch_scripts\xilinx_c-c++_application_(system_debugger)\system_debugger_on_local.tcl'
10:29:50 INFO  : Disconnected from the channel tcfchan#3.
10:29:51 INFO  : Connected to target on host '127.0.0.1' and port '3121'.
10:30:00 INFO  : ----------------XSDB Script----------------
connect -url tcp:127.0.0.1:3121
----------------End of Script----------------

10:30:08 INFO  : Connected to target on host '127.0.0.1' and port '3121'.
10:30:17 INFO  : ----------------XSDB Script----------------
connect -url tcp:127.0.0.1:3121
----------------End of Script----------------

10:30:25 INFO  : Connected to target on host '127.0.0.1' and port '3121'.
10:30:34 INFO  : ----------------XSDB Script----------------
connect -url tcp:127.0.0.1:3121
----------------End of Script----------------

10:30:56 INFO  : Connected to target on host '127.0.0.1' and port '3121'.
10:30:56 INFO  : Jtag cable 'Digilent JTAG-SMT2 210251A08870' is selected.
10:30:56 INFO  : 'jtag frequency' command is executed.
10:30:56 INFO  : 'targets -set -filter {jtag_cable_name =~ "Digilent JTAG-SMT2 210251A08870" && level==0} -index 0' command is executed.
10:31:12 INFO  : FPGA configured successfully with bitstream "C:/Users/LIUYAOHUI/Desktop/1236_dma/top_hw_platform_0/top.bit"
10:31:12 INFO  : 'configparams mdm-detect-bscan-mask 2' command is executed.
10:31:12 INFO  : Context for processor 'microblaze_1' is selected.
10:31:12 INFO  : System reset is completed.
10:31:15 INFO  : 'after 3000' command is executed.
10:31:15 INFO  : Context for processor 'microblaze_1' is selected.
10:31:18 INFO  : The application 'C:/Users/LIUYAOHUI/Desktop/1236_dma/1236/Debug/1236.elf' is downloaded to processor 'microblaze_1'.
10:31:18 INFO  : ----------------XSDB Script----------------
connect -url tcp:127.0.0.1:3121
targets -set -filter {jtag_cable_name =~ "Digilent JTAG-SMT2 210251A08870" && level==0} -index 0
fpga -file C:/Users/LIUYAOHUI/Desktop/1236_dma/top_hw_platform_0/top.bit
configparams mdm-detect-bscan-mask 2
targets -set -nocase -filter {name =~ "microblaze*#0" && bscan=="USER2"  && jtag_cable_name =~ "Digilent JTAG-SMT2 210251A08870"} -index 0
rst -system
after 3000
targets -set -nocase -filter {name =~ "microblaze*#0" && bscan=="USER2"  && jtag_cable_name =~ "Digilent JTAG-SMT2 210251A08870"} -index 0
dow C:/Users/LIUYAOHUI/Desktop/1236_dma/1236/Debug/1236.elf
----------------End of Script----------------

10:31:18 INFO  : Memory regions updated for context MicroBlaze #0
10:31:18 INFO  : Memory regions updated for context MicroBlaze #0
10:31:18 INFO  : Context for processor 'microblaze_1' is selected.
10:31:18 INFO  : 'con' command is executed.
10:31:18 INFO  : ----------------XSDB Script (After Launch)----------------
targets -set -nocase -filter {name =~ "microblaze*#0" && bscan=="USER2"  && jtag_cable_name =~ "Digilent JTAG-SMT2 210251A08870"} -index 0
con
----------------End of Script----------------

10:31:18 INFO  : Launch script is exported to file 'C:\Users\LIUYAOHUI\Desktop\1236_dma\.sdk\launch_scripts\xilinx_c-c++_application_(system_debugger)\system_debugger_on_local.tcl'
10:33:10 INFO  : Disconnected from the channel tcfchan#4.
10:33:11 INFO  : Connected to target on host '127.0.0.1' and port '3121'.
10:33:11 INFO  : Jtag cable 'Digilent JTAG-SMT2 210251A08870' is selected.
10:33:11 INFO  : 'jtag frequency' command is executed.
10:33:11 INFO  : 'targets -set -filter {jtag_cable_name =~ "Digilent JTAG-SMT2 210251A08870" && level==0} -index 0' command is executed.
10:33:27 INFO  : FPGA configured successfully with bitstream "C:/Users/LIUYAOHUI/Desktop/1236_dma/top_hw_platform_0/top.bit"
10:33:27 INFO  : 'configparams mdm-detect-bscan-mask 2' command is executed.
10:33:27 INFO  : Context for processor 'microblaze_1' is selected.
10:33:27 INFO  : System reset is completed.
10:33:30 INFO  : 'after 3000' command is executed.
10:33:30 INFO  : Context for processor 'microblaze_1' is selected.
10:33:32 INFO  : The application 'C:/Users/LIUYAOHUI/Desktop/1236_dma/1236/Debug/1236.elf' is downloaded to processor 'microblaze_1'.
10:33:32 INFO  : ----------------XSDB Script----------------
connect -url tcp:127.0.0.1:3121
targets -set -filter {jtag_cable_name =~ "Digilent JTAG-SMT2 210251A08870" && level==0} -index 0
fpga -file C:/Users/LIUYAOHUI/Desktop/1236_dma/top_hw_platform_0/top.bit
configparams mdm-detect-bscan-mask 2
targets -set -nocase -filter {name =~ "microblaze*#0" && bscan=="USER2"  && jtag_cable_name =~ "Digilent JTAG-SMT2 210251A08870"} -index 0
rst -system
after 3000
targets -set -nocase -filter {name =~ "microblaze*#0" && bscan=="USER2"  && jtag_cable_name =~ "Digilent JTAG-SMT2 210251A08870"} -index 0
dow C:/Users/LIUYAOHUI/Desktop/1236_dma/1236/Debug/1236.elf
----------------End of Script----------------

10:33:32 INFO  : Memory regions updated for context MicroBlaze #0
10:33:32 INFO  : Memory regions updated for context MicroBlaze #0
10:33:33 INFO  : Context for processor 'microblaze_1' is selected.
10:33:33 INFO  : 'con' command is executed.
10:33:33 INFO  : ----------------XSDB Script (After Launch)----------------
targets -set -nocase -filter {name =~ "microblaze*#0" && bscan=="USER2"  && jtag_cable_name =~ "Digilent JTAG-SMT2 210251A08870"} -index 0
con
----------------End of Script----------------

10:33:33 INFO  : Launch script is exported to file 'C:\Users\LIUYAOHUI\Desktop\1236_dma\.sdk\launch_scripts\xilinx_c-c++_application_(system_debugger)\system_debugger_on_local.tcl'
10:53:23 INFO  : Connected to target on host '127.0.0.1' and port '3121'.
10:53:32 ERROR : Could not retrieve Flash Part information. Could not find FPGA device on the board for connection 'Local'.


Troubleshooting hints:
1. Check whether board is connected to system properly.
1. In case of zynq board, check whether Digilent/Xilinx cable switch settings are correct.
1. If you are using Xilinx Platform Cable USB, ensure that status LED is green.
10:57:09 INFO  : Connected to target on host '127.0.0.1' and port '3121'.
10:57:59 INFO  : Connected to target on host '127.0.0.1' and port '3121'.
10:58:47 INFO  : Converting 'microblaze' ELF file 'C:\Users\LIUYAOHUI\Desktop\1236_dma\1236\Debug\1236.elf' into bootable SREC format.
10:58:48 INFO  : Caching converted image as 'C:\Users\LIUYAOHUI\Desktop\1236_dma\top_hw_platform_0\cache\1236.elf.srec'.
10:58:52 INFO  : Invoking Bootgen: bootgen -arch fpga -image C:/Users/LIUYAOHUI/Desktop/1236_dma/top_hw_platform_0/cache/bootimage.bif -w -o C:/Users/LIUYAOHUI/Desktop/1236_dma/top_hw_platform_0/cache/BOOT.bin  -interface spi
10:58:53 INFO  : Bootgen command execution is done.
11:16:08 INFO  : Refreshed build settings on project 1236
11:17:25 INFO  : Connected to target on host '127.0.0.1' and port '3121'.
11:17:56 INFO  : Converting 'microblaze' ELF file 'C:\Users\LIUYAOHUI\Desktop\1236_dma\1236\Debug\1236.elf' into bootable SREC format.
11:17:56 INFO  : Caching converted image as 'C:\Users\LIUYAOHUI\Desktop\1236_dma\top_hw_platform_0\cache\1236.elf.srec'.
11:18:02 INFO  : Invoking Bootgen: bootgen -arch fpga -image C:/Users/LIUYAOHUI/Desktop/1236_dma/top_hw_platform_0/cache/bootimage.bif -w -o C:/Users/LIUYAOHUI/Desktop/1236_dma/top_hw_platform_0/cache/BOOT.bin  -interface spi
11:18:03 INFO  : Bootgen command execution is done.
11:32:37 INFO  : Disconnected from the channel tcfchan#5.
15:41:33 INFO  : Registering command handlers for SDK TCF services
15:41:33 INFO  : Launching XSCT server: xsct.bat -interactive E:\1236\project8511_0929\1236_dma\temp_xsdb_launch_script.tcl
15:41:34 INFO  : XSCT server has started successfully.
15:41:34 INFO  : Successfully done setting XSCT server connection channel  
15:41:34 INFO  : Successfully done setting SDK workspace  
13:53:40 INFO  : Registering command handlers for SDK TCF services
13:53:41 INFO  : Launching XSCT server: xsct.bat -interactive E:\1236\project8511_0929\1236_dma\temp_xsdb_launch_script.tcl
13:53:43 INFO  : XSCT server has started successfully.
13:53:43 INFO  : Successfully done setting XSCT server connection channel  
13:53:45 INFO  : Successfully done setting SDK workspace  
13:53:48 INFO  : Connected to target on host '127.0.0.1' and port '3121'.
13:54:11 INFO  : Converting 'microblaze' ELF file 'E:\1236\project8511_0929\1236.elf' into bootable SREC format.
13:54:11 INFO  : Caching converted image as 'E:\1236\project8511_0929\1236_dma\top_hw_platform_0\cache\1236.elf.srec'.
13:54:17 INFO  : Invoking Bootgen: bootgen -arch fpga -image E:/1236/project8511_0929/1236_dma/top_hw_platform_0/cache/bootimage.bif -w -o E:/1236/project8511_0929/1236_dma/top_hw_platform_0/cache/BOOT.bin  -interface spi
13:54:18 INFO  : Bootgen command execution is done.
